This is pdfTeX, Version 3.14159265-2.6-1.40.20 (TeX Live 2019/Debian) (preloaded format=pdflatex 2020.10.22)  1 NOV 2020 10:36
entering extended mode
 restricted \write18 enabled.
 %&-line parsing enabled.
**chemprop
(./chemprop.tex
LaTeX2e <2020-02-02> patch level 2
L3 programming layer <2020-02-14>
(/usr/share/texlive/texmf-dist/tex/latex/base/article.cls
Document Class: article 2019/12/20 v1.4l Standard LaTeX document class
(/usr/share/texlive/texmf-dist/tex/latex/base/size11.clo
File: size11.clo 2019/12/20 v1.4l Standard LaTeX file (size option)
)
\c@part=\count167
\c@section=\count168
\c@subsection=\count169
\c@subsubsection=\count170
\c@paragraph=\count171
\c@subparagraph=\count172
\c@figure=\count173
\c@table=\count174
\abovecaptionskip=\skip47
\belowcaptionskip=\skip48
\bibindent=\dimen134
)
(/usr/share/texlive/texmf-dist/tex/latex/tools/longtable.sty
Package: longtable 2020/01/07 v4.13 Multi-page Table package (DPC)
\LTleft=\skip49
\LTright=\skip50
\LTpre=\skip51
\LTpost=\skip52
\LTchunksize=\count175
\LTcapwidth=\dimen135
\LT@head=\box45
\LT@firsthead=\box46
\LT@foot=\box47
\LT@lastfoot=\box48
\LT@cols=\count176
\LT@rows=\count177
\c@LT@tables=\count178
\c@LT@chunks=\count179
\LT@p@ftn=\toks14
)
(/usr/share/texlive/texmf-dist/tex/latex/natbib/natbib.sty
Package: natbib 2010/09/13 8.31b (PWD, AO)
\bibhang=\skip53
\bibsep=\skip54
LaTeX Info: Redefining \cite on input line 694.
\c@NAT@ctr=\count180
) (./chem.sty
(/usr/share/texlive/texmf-dist/tex/latex/base/textcomp.sty
Package: textcomp 2020/02/02 v2.0n Standard LaTeX package
)
(/usr/share/texlive/texmf-dist/tex/latex/url/url.sty
\Urlmuskip=\muskip16
Package: url 2013/09/16  ver 3.4  Verb mode for urls, etc.
))
\henrynotefile=\write3
\openout3 = `chemprop_henrynote.tex'.

\alphanotefile=\write4
\openout4 = `chemprop_alphanote.tex'.

\acidnotefile=\write5
\openout5 = `chemprop_acidnote.tex'.


(/usr/share/texlive/texmf-dist/tex/latex/l3backend/l3backend-pdfmode.def
File: l3backend-pdfmode.def 2020-02-03 L3 backend support: PDF mode
\l__kernel_color_stack_int=\count181
\l__pdf_internal_box=\box49
)
(./chemprop.aux)
\openout1 = `chemprop.aux'.

LaTeX Font Info:    Checking defaults for OML/cmm/m/it on input line 32.
LaTeX Font Info:    ... okay on input line 32.
LaTeX Font Info:    Checking defaults for OMS/cmsy/m/n on input line 32.
LaTeX Font Info:    ... okay on input line 32.
LaTeX Font Info:    Checking defaults for OT1/cmr/m/n on input line 32.
LaTeX Font Info:    ... okay on input line 32.
LaTeX Font Info:    Checking defaults for T1/cmr/m/n on input line 32.
LaTeX Font Info:    ... okay on input line 32.
LaTeX Font Info:    Checking defaults for TS1/cmr/m/n on input line 32.
LaTeX Font Info:    ... okay on input line 32.
LaTeX Font Info:    Checking defaults for OMX/cmex/m/n on input line 32.
LaTeX Font Info:    ... okay on input line 32.
LaTeX Font Info:    Checking defaults for U/cmr/m/n on input line 32.
LaTeX Font Info:    ... okay on input line 32.
LaTeX Font Info:    External font `cmex10' loaded for size
(Font)              <10.95> on input line 103.
LaTeX Font Info:    External font `cmex10' loaded for size
(Font)              <8> on input line 103.
LaTeX Font Info:    External font `cmex10' loaded for size
(Font)              <6> on input line 103.

Overfull \hbox (77.46611pt too wide) in alignment at lines 101--105
 [] [] [] [] [] 
 []


Overfull \hbox (77.46611pt too wide) in alignment at lines 105--109
 [] [] [] [] [] 
 []


Overfull \hbox (77.46611pt too wide) in alignment at lines 109--111
 [] [] [] [] [] 
 []


Overfull \hbox (77.46611pt too wide) in alignment at lines 111--132
 [] [] [] [] [] 
 []


Overfull \hbox (77.46611pt too wide) in alignment at lines 132--152
 [] [] [] [] [] 
 []


Overfull \hbox (77.46611pt too wide) in alignment at lines 152--172
 [] [] [] [] [] 
 []


Overfull \hbox (77.46611pt too wide) in alignment at lines 172--192
 [] [] [] [] [] 
 []

[1

{/var/lib/texmf/fonts/map/pdftex/updmap/pdftex.map}]
Overfull \hbox (77.46611pt too wide) in alignment at lines 192--212
 [] [] [] [] [] 
 []


Overfull \hbox (77.46611pt too wide) in alignment at lines 212--232
 [] [] [] [] [] 
 []

[2]
Overfull \hbox (77.46611pt too wide) in alignment at lines 232--252
 [] [] [] [] [] 
 []


Overfull \hbox (77.46611pt too wide) in alignment at lines 252--272
 [] [] [] [] [] 
 []

[3]
Overfull \hbox (77.46611pt too wide) in alignment at lines 272--292
 [] [] [] [] [] 
 []


Overfull \hbox (77.46611pt too wide) in alignment at lines 292--312
 [] [] [] [] [] 
 []


Overfull \hbox (77.46611pt too wide) in alignment at lines 312--332
 [] [] [] [] [] 
 []

[4]
Overfull \hbox (77.46611pt too wide) in alignment at lines 332--352
 [] [] [] [] [] 
 []


Overfull \hbox (77.46611pt too wide) in alignment at lines 352--372
 [] [] [] [] [] 
 []

[5]
Overfull \hbox (77.46611pt too wide) in alignment at lines 372--392
 [] [] [] [] [] 
 []


Overfull \hbox (77.46611pt too wide) in alignment at lines 392--412
 [] [] [] [] [] 
 []

[6]
Overfull \hbox (77.46611pt too wide) in alignment at lines 412--432
 [] [] [] [] [] 
 []


Overfull \hbox (77.46611pt too wide) in alignment at lines 432--452
 [] [] [] [] [] 
 []


Overfull \hbox (77.46611pt too wide) in alignment at lines 452--472
 [] [] [] [] [] 
 []

[7]
Overfull \hbox (77.46611pt too wide) in alignment at lines 472--492
 [] [] [] [] [] 
 []


Overfull \hbox (77.46611pt too wide) in alignment at lines 492--512
 [] [] [] [] [] 
 []

[8]
Overfull \hbox (77.46611pt too wide) in alignment at lines 512--532
 [] [] [] [] [] 
 []


Overfull \hbox (77.46611pt too wide) in alignment at lines 532--552
 [] [] [] [] [] 
 []

[9]
Overfull \hbox (77.46611pt too wide) in alignment at lines 552--572
 [] [] [] [] [] 
 []


Overfull \hbox (77.46611pt too wide) in alignment at lines 572--592
 [] [] [] [] [] 
 []


Overfull \hbox (77.46611pt too wide) in alignment at lines 592--612
 [] [] [] [] [] 
 []

[10]
Overfull \hbox (77.46611pt too wide) in alignment at lines 612--632
 [] [] [] [] [] 
 []


Overfull \hbox (77.46611pt too wide) in alignment at lines 632--652
 [] [] [] [] [] 
 []

[11]
Overfull \hbox (77.46611pt too wide) in alignment at lines 652--672
 [] [] [] [] [] 
 []


Overfull \hbox (77.46611pt too wide) in alignment at lines 672--692
 [] [] [] [] [] 
 []

[12]
Overfull \hbox (77.46611pt too wide) in alignment at lines 692--712
 [] [] [] [] [] 
 []


Overfull \hbox (77.46611pt too wide) in alignment at lines 712--732
 [] [] [] [] [] 
 []

[13]
Overfull \hbox (77.46611pt too wide) in alignment at lines 732--752
 [] [] [] [] [] 
 []


Overfull \hbox (77.46611pt too wide) in alignment at lines 752--772
 [] [] [] [] [] 
 []


Overfull \hbox (77.46611pt too wide) in alignment at lines 772--792
 [] [] [] [] [] 
 []

[14]
Overfull \hbox (77.46611pt too wide) in alignment at lines 792--812
 [] [] [] [] [] 
 []


Overfull \hbox (77.46611pt too wide) in alignment at lines 812--832
 [] [] [] [] [] 
 []

[15]
Overfull \hbox (77.46611pt too wide) in alignment at lines 832--852
 [] [] [] [] [] 
 []


Overfull \hbox (77.46611pt too wide) in alignment at lines 852--872
 [] [] [] [] [] 
 []

[16]
Overfull \hbox (77.46611pt too wide) in alignment at lines 872--892
 [] [] [] [] [] 
 []


Overfull \hbox (77.46611pt too wide) in alignment at lines 892--897
 [] [] [] [] [] 
 []

[17] [18] [19] [20] [21] [22] [23] [24] [25] [26] [27] [28] [29] [30] [31]
[32] [33] [34] [35] [36] [37] [38] [39] [40] [41] [42] [43] [44] [45] [46]
[47] [48] [49] [50] [51] [52]
Overfull \hbox (16.84558pt too wide) in alignment at lines 2492--2496
 [] [] [] [] [] 
 []


Overfull \hbox (16.84558pt too wide) in alignment at lines 2496--2500
 [] [] [] [] [] 
 []


Overfull \hbox (16.84558pt too wide) in alignment at lines 2500--2502
 [] [] [] [] [] 
 []


Overfull \hbox (16.84558pt too wide) in alignment at lines 2502--2523
 [] [] [] [] [] 
 []


Overfull \hbox (16.84558pt too wide) in alignment at lines 2523--2543
 [] [] [] [] [] 
 []


Overfull \hbox (16.84558pt too wide) in alignment at lines 2543--2563
 [] [] [] [] [] 
 []


Overfull \hbox (16.84558pt too wide) in alignment at lines 2563--2583
 [] [] [] [] [] 
 []

[53]
Overfull \hbox (16.84558pt too wide) in alignment at lines 2583--2603
 [] [] [] [] [] 
 []


Overfull \hbox (16.84558pt too wide) in alignment at lines 2603--2623
 [] [] [] [] [] 
 []

[54]
Overfull \hbox (16.84558pt too wide) in alignment at lines 2623--2643
 [] [] [] [] [] 
 []


Overfull \hbox (16.84558pt too wide) in alignment at lines 2643--2663
 [] [] [] [] [] 
 []


Overfull \hbox (16.84558pt too wide) in alignment at lines 2663--2683
 [] [] [] [] [] 
 []

[55]
Overfull \hbox (16.84558pt too wide) in alignment at lines 2683--2703
 [] [] [] [] [] 
 []


Overfull \hbox (16.84558pt too wide) in alignment at lines 2703--2723
 [] [] [] [] [] 
 []

[56]
Overfull \hbox (16.84558pt too wide) in alignment at lines 2723--2743
 [] [] [] [] [] 
 []


Overfull \hbox (16.84558pt too wide) in alignment at lines 2743--2763
 [] [] [] [] [] 
 []


Overfull \hbox (16.84558pt too wide) in alignment at lines 2763--2783
 [] [] [] [] [] 
 []

[57]
Overfull \hbox (16.84558pt too wide) in alignment at lines 2783--2803
 [] [] [] [] [] 
 []


Overfull \hbox (16.84558pt too wide) in alignment at lines 2803--2823
 [] [] [] [] [] 
 []

[58]
Overfull \hbox (16.84558pt too wide) in alignment at lines 2823--2843
 [] [] [] [] [] 
 []


Overfull \hbox (16.84558pt too wide) in alignment at lines 2843--2863
 [] [] [] [] [] 
 []


Overfull \hbox (16.84558pt too wide) in alignment at lines 2863--2883
 [] [] [] [] [] 
 []

[59]
Overfull \hbox (16.84558pt too wide) in alignment at lines 2883--2903
 [] [] [] [] [] 
 []


Overfull \hbox (16.84558pt too wide) in alignment at lines 2903--2923
 [] [] [] [] [] 
 []

[60]
Overfull \hbox (16.84558pt too wide) in alignment at lines 2923--2943
 [] [] [] [] [] 
 []


Overfull \hbox (16.84558pt too wide) in alignment at lines 2943--2963
 [] [] [] [] [] 
 []


Overfull \hbox (16.84558pt too wide) in alignment at lines 2963--2983
 [] [] [] [] [] 
 []

[61]
Overfull \hbox (16.84558pt too wide) in alignment at lines 2983--3003
 [] [] [] [] [] 
 []


Overfull \hbox (16.84558pt too wide) in alignment at lines 3003--3023
 [] [] [] [] [] 
 []

[62]
Overfull \hbox (16.84558pt too wide) in alignment at lines 3023--3043
 [] [] [] [] [] 
 []


Overfull \hbox (16.84558pt too wide) in alignment at lines 3043--3063
 [] [] [] [] [] 
 []


Overfull \hbox (16.84558pt too wide) in alignment at lines 3063--3083
 [] [] [] [] [] 
 []

[63]
Overfull \hbox (16.84558pt too wide) in alignment at lines 3083--3103
 [] [] [] [] [] 
 []


Overfull \hbox (16.84558pt too wide) in alignment at lines 3103--3123
 [] [] [] [] [] 
 []

[64]
Overfull \hbox (16.84558pt too wide) in alignment at lines 3123--3143
 [] [] [] [] [] 
 []


Overfull \hbox (16.84558pt too wide) in alignment at lines 3143--3163
 [] [] [] [] [] 
 []

[65]
Overfull \hbox (16.84558pt too wide) in alignment at lines 3163--3183
 [] [] [] [] [] 
 []


Overfull \hbox (16.84558pt too wide) in alignment at lines 3183--3203
 [] [] [] [] [] 
 []


Overfull \hbox (16.84558pt too wide) in alignment at lines 3203--3223
 [] [] [] [] [] 
 []

[66]
Overfull \hbox (16.84558pt too wide) in alignment at lines 3223--3243
 [] [] [] [] [] 
 []


Overfull \hbox (16.84558pt too wide) in alignment at lines 3243--3263
 [] [] [] [] [] 
 []

[67]
Overfull \hbox (16.84558pt too wide) in alignment at lines 3263--3283
 [] [] [] [] [] 
 []


Overfull \hbox (16.84558pt too wide) in alignment at lines 3283--3288
 [] [] [] [] [] 
 []

[68] [69] [70] [71] [72] [73] [74] [75] [76] [77] [78] [79] [80] [81] [82]
[83] [84] [85] [86] (./chemprop_henrynote.tex) [87] (./chemprop_alphanote.tex
[88]) (./chemprop_acidnote.tex) [89] (./chemprop.bbl [90

] [91] [92]) [93]
(./chemprop.aux) ) 
Here is how much of TeX's memory you used:
 1156 strings out of 483183
 15392 string characters out of 5966291
 265076 words of memory out of 5000000
 16213 multiletter control sequences out of 15000+600000
 537104 words of font info for 40 fonts, out of 8000000 for 9000
 14 hyphenation exceptions out of 8191
 28i,9n,27p,185b,392s stack positions out of 5000i,500n,10000p,200000b,80000s
 </home/matthias/.texlive2019/texmf-var/fonts/pk/ljfour/jknap
pen/ec/tcrm1095.600pk></usr/share/texlive/texmf-dist/fonts/type1/public/amsfont
s/cm/cmbx10.pfb></usr/share/texlive/texmf-dist/fonts/type1/public/amsfonts/cm/c
mbx12.pfb></usr/share/texlive/texmf-dist/fonts/type1/public/amsfonts/cm/cmex10.
pfb></usr/share/texlive/texmf-dist/fonts/type1/public/amsfonts/cm/cmmi10.pfb></
usr/share/texlive/texmf-dist/fonts/type1/public/amsfonts/cm/cmr10.pfb></usr/sha
re/texlive/texmf-dist/fonts/type1/public/amsfonts/cm/cmr8.pfb></usr/share/texli
ve/texmf-dist/fonts/type1/public/amsfonts/cm/cmsy10.pfb></usr/share/texlive/tex
mf-dist/fonts/type1/public/amsfonts/cm/cmsy8.pfb></usr/share/texlive/texmf-dist
/fonts/type1/public/amsfonts/cm/cmtt10.pfb>
Output written on chemprop.pdf (93 pages, 196800 bytes).
PDF statistics:
 346 PDF objects out of 1000 (max. 8388607)
 238 compressed objects within 3 object streams
 0 named destinations out of 1000 (max. 500000)
 1 words of extra memory for PDF output out of 10000 (max. 10000000)

