DMA                     6    2
GLYOX_a01               2    2
TC4H9OOH                3    1
LISOPEFO                1    4
LAPINABO2               7    3
C722OOH                 2    1
ACO2                    0    0
TLEMUCCO3               7    4
CH3SOO2                 4    1
FeOH2p_a01              3    1
NOPINDOOH               2    1
CARENE                  9    0
TOLOOH                  0    0
C85OOH                  2    2
NPHEN1O2                5    2
RO6R3O2                 4    2
C85O2                   3    6
CRESO2                  5    3
TOLO2                   0    0
C5CO2DCO3H              2    1
CH2CNH2CH3              0    1
PINALO2                 4    2
NHOH                    2    2
LNISO3                  3    3
LAPINABNO3              1    1
TERPOOH                 0    0
CHEX                    1    0
NH2CH2CHOH_a01          3    4
C614CO                  1    2
MACO2H                  1    3
NDMA_a01                3    7
TEPOMUC                 0    0
CHOC3COPAN              2    1
C7CO4DB                 2    5
BIGALD2                 0    0
HOCH2CHNETOH            1    4
N2O3_a01                6    3
CO23C4CO3H              1    1
O2mm_a01                0    0
LbbPOG02                0    0
FeOHp_a01               2    0
CH3OOH_a01              8    3
BSOV                    3   24
LNMBOABO2               4    2
CF2Cl2_c                0    0
NCRES1O2                5    2
CF2ClBr_c               0    0
SO5m_a01                6    1
PAR                     0    0
DMCNH2                  1    2
CATEC1OOH               2    1
C512OOH                 2    1
MMNNO2                  1    2
NO                    258   35
LARO2                   0    0
Br_a01                  1    7
HgSO32mm_a01            1    1
HOCH2OO                 0    0
C6CO2OHCO3              6    8
M                       0    0
OXYL1OOH                2    1
CO235C6OOH              2    1
SF6                     0    0
LbSOGv02                0    0
FeBr2p_a01              0    0
LISOPACOOH              6    2
CH2CO                   2    3
MSADMAH2O               2    2
NH3_a01                 2    4
C2H5CHO                 5   19
Cl2m_a01               11    3
Feppp_a01               5   28
CH2FCF3                 0    0
MALANHY                 1   13
C109CO                  2    1
C811PAN                 2    1
MEANNO2                 2    2
BZOBIPEROH              2    2
DMNCHO                  2    3
DMS_a01                 1    1
CH3CO2H_a01             3    2
HONO_a01                9   15
CH2OHSO3m_a01           4    4
C813O2                  3    4
H2NCH2CHO               2    1
LDISOPACO               2    3
CH3COCOCO2H             1    1
MACO3H                  3    1
CH3Cl                   3    1
CO                      7  326
PHENOOH                 2    1
MNCATECOOH              2    1
CO235C6CO3              5    4
DEANCOCH2OH             0    1
BPINAO2                 7    4
Cl2                     4    6
ISO2                    0    0
DB1NO3                  2    1
OXALAC_a01              2    3
C5DIALO2                5    8
HCOCO2H                 3   44
TERPROD1                0    0
TLEMUCPAN               2    1
HF                      0    0
ACCOMECHO               3   11
ClHgOBr_a01             1    1
PPN                     3    1
PINAL                   5   20
AMPOX                   0    1
CF3Br                   1    0
XYLENO2                 0    0
HNO4                    4    2
HCOCH2CO3               7    8
MEAN                    3    2
LXYL                    5    0
TEA                     2    1
LISOPNO3O2              0    0
SUCCAC_a01              3    3
CCl4                    2    0
FeOH4m_a01              0    0
ICl                     2    2
MALDIALPAN              2    1
IO_a01                  3    1
CH3COCO2H               2    6
NCATECOOH               2    1
CH2I2                   1    0
CO235C6CHO              3    3
PRONO3BO2               3    2
RXPAR                   0    0
DMCOONH2                1    1
C3PAN1                  2    1
EPXDLCO2H               2    1
CH3CHOHO2               4    2
BrCl2m_a01              2    2
CH3COCH3_a01            1    1
MMA_a01                 4    4
ORGNTR                  0    0
HCOOH                  21   48
LMBOABO2                6    2
BZEMUCCO3H              2    1
CHBr3                   2    0
LBROMINE                0    5
TENHp_a01               1    2
CH3SO                   5   12
BZFUCO                  1    1
O2_a01                  6   15
C811CO3H                2    1
BrNO3                   8    1
PINONIC                 1    5
MBOOO                   6    1
TENp_a01                2    3
LfPOG05                 0    0
Br2Clm_a01              2    2
CH3NHCH2_a01            6    4
LbSOGv04                0    0
PRODUCTS                0    0
IBr2m_a01               1    1
CH3NH                   2    1
O2p                     3    5
CHF2CF3                 0    0
NO3m_a01                4   15
CH3SO2                  5   13
IBUTOLBOOH              3    1
C513CO                  2    1
HOETNHCHO               1    1
H2O2                    6   30
HgOHCl_a01              1    1
MCATEC1OOH              2    1
C5CO2DBCO3              6    3
XO2N                    0    0
BZBIPEROOH              2    1
ROR                     0    0
C4CO2DBPAN              2    1
MEAp_a01                2    3
HBr                     5    8
MALANHYOOH              2    1
NPHENOOH                2    1
C3H6                    4    3
BPINENE                 7    0
PHCOOH                  1    2
ISOPDOOH                6    2
N2D                     6    7
LHMVKABOOH              3    2
O2_1S                   0    0
NO3                   184   42
O3P                    25   35
LbbSOGsv01              0    0
NCATECHOL               2    1
kJmol                   0    0
F                       0    0
CH3NHNHCH3_a01          0    1
CH3O2                  27   18
MBO                     4    0
CH3O                    7   14
LfSOGsv02               0    0
ETHOHNO3                2    1
C514OOH                 2    1
C97O2                   4    4
C89NO3                  2    1
CF2ClBr                 1    0
MMNNO2_a01              3    2
H2402                   0    0
C97OOH                  2    1
NCRESOOH                3    1
HCFC142B                0    0
NORPINENOL              2    2
N2O5                    8    1
LC4H9NO3                4    1
LaSOGv01                0    0
ACBZO2                  0    0
CH3OOH                  5    6
HCOCO                   3   16
ACETOL                  2   39
C89CO2H                 2    2
NO4m_a01                2    2
MALONAC_a01             1    1
LMBOABNO3               1    1
HNCHCH2OH               1    2
HOC2H4CO2H              1    2
HCOOm_a01               3    1
TERP2OOH                0    0
DMSO                    3    4
C4H9O3                  0    0
HOBr_a01               13    6
DMSO2                   1    1
MALDALCO3H              3    1
NOPINONE                1   17
ISOPBNO3                2    1
BrNO2                   1    1
MSON                    0    0
OHMENTHEN6ONEO2         3    1
HOCH2CO3                8    3
HSO3m_a01              23    5
SO2                     7    6
DMNCHO_a01              2    1
DMSOOH                  0    1
HOCH2O2NO2              3    1
CATEC1O                 2    7
C716O2                  4    4
NBZQOOH                 2    1
HOCOC4DIAL              2    7
IC3H7OOH                3    1
LNBPINABO2              5    4
ALOV                    2    5
LISOPAB                 2    3
DMCNH                   0    1
ADIPAC_a01              2    1
HgBr2_a01               2    2
C59O2                   5    2
C6H5CH2O2               5    9
CH2CHOH                 3    4
C3DIALO2                5   19
LbOSOGv03               0    0
NH2OH                   1    1
LHC4ACCO2H              1    2
CH3NH2CH2p_a01          1    2
DEANCH2COO2             1    1
HYDRALD                 0    0
BZEPOXMUC               4    1
CO2H3CHO                4   15
LbbPOG04                0    0
HO2m_a01                0    5
CO3m_a01                3    1
TBUT2ENE                3    0
NCPDKETENE              1    1
DMNp_a01                3    5
LO3s                    0    0
LISOPACNO3O2            2    1
H2O_a01                 2   24
C6H5CH2NO3              2    1
NDNCRESOOH              2    1
LHC4ACCHO               6    4
LaOSOGv01               0    0
NH3CH2CHOHp_a01         1    2
BENZO2                  0    0
HO2                   317  588
C8BC                    1    3
C5DIALCO                1    1
EBENZ                   2    0
CH3COCHCO               3    2
GLUTARAC_a01            1    1
DNCRESO2                5    2
NSTYRENOOH              1    1
MMAO2                   1    3
LISOPNO3NO3             0    0
IPRHOCO3H               2    1
Hgpp_a01                5   11
Im_a01                  7    3
C59OOH                  2    1
CBUT2ENE                3    0
C5H10O4                 0    0
MCPDKETENE              1    2
Nap_a01                 1    0
CH3CFCl2                0    0
TEAp_a01                2    1
LISOPEFO2               7    1
PINENOL                 2    2
C721CHO                 3    1
MALDIALOOH              4    1
DMNCH2_a01              6    5
INO2                    3    1
C96NO3                  1    1
XO2                     0    0
H2NCOCO3                1    1
C615CO2O2               5    8
NOA                     2   12
BUTENOL                 2    1
DEAO2                   1    1
ROO6R1O2                6    5
NH3CH2p_a01             1    4
IO2m_a01                5    5
HgO_a01                 2    2
CH2OO                  15   12
CH3CHOCH3               1    1
LMBOABOOH               4    1
H2NCOCH2OH_a01          2    1
PBZN                    2    1
AMPNA                   0    1
MBOCOCO                 2    1
BLOV                    3   29
N2O3                    2    2
C4CO2DCO3H              1    1
NCATECO2                5    2
CHF3                    0    0
C716OOH                 2    1
NBZQO2                  5    2
OHm_a01                 5   79
MEANNO                  2    2
CH3NO                   0    1
CO2H3CO3H               4    1
MENp_a01                1    5
COF2                    0    0
IC3H7NO3                2    1
HOI_a01                 8   10
HgOHOH_a01              2    1
NDMA                    3    2
XYLOLOOH                0    0
CH2OOA                  1    4
EPXDLCO3                7    5
Cl_a01                  8    7
LBUT1ENO2               6    2
ClOO                    0    0
C8BCCO                  1    2
CHOC3COCO3              4    5
CH3COCO3                6    1
IPRCHO                  4    7
HCN                     5    4
BENZOOH                 0    0
NAMP                    1    1
C5DIALOOH               2    1
NTLFUO2                 5    2
ISOPBOOH                5    2
TOL1O                   2    7
CH3O2NO2                3    1
C1OOHC3O2C4OD           1    2
EOOH                    0    0
C6CO2OHPAN              2    1
NO3CH2CO3               4    3
GLYOX                   4  113
PBZQCO                  1    1
TLBIPEROOH              2    1
LBUT1ENNO3              2    1
Dummy                   0    0
CH3COOm_a01             2    1
HOCH2COCH2O2            4    2
Br2                     5    5
CATEC1O2                5    2
HCOOH_a01               3    6
ALKOOH                  0    0
C811CO3                 7    8
LIECO3                  0    0
CHOC3COOOH              2    1
HgClp_a01               2    2
LfSOGiv04               0    0
TLEPOXMUC               4    4
MCATECHOL               3    1
HOOCH2CHO               5    9
NCRES1OOH               2    1
MNCATECH                3    1
C85CO3H                 2    1
LC4H9OOH                5    1
CH3SOOH                 4    1
NO3CH2PAN               2    1
CH3COCOOm_a01           2    1
APINENE                 3    0
NC4H10                  1    0
HNO4_a01                3    3
LC578OOH                3    1
SO4mm_a01               4   24
Br2m_a01               11    3
C85CO3                  5    4
IPN                     1    0
C4PAN5                  2    1
CH2ClBr                 2    0
CH3SOO                  6    2
ALKO2                   0    0
HOOCH2CO2H              2    3
NH2                     7    2
C514NO3                 2    1
BEPOMUC                 0    0
C1OOHC2OOHC4OD          5    1
OLE                     0    0
LIECO3H                 0    0
LaSOGv02                0    0
SO3mm_a01              15    5
C3PAN2                  2    1
MALDIALCO3              7    8
NOPINDO2                4    4
MNNCATCOOH              2    1
NPHEN1OOH               2    1
ISOPDNO3                2    2
HCOC5                   3    3
TMAO2                   1    1
DMAp_a01                2    1
Op                      2    6
LZCODC23DBCOOH          9    3
TMAO                    2    1
I2O2                    1    0
HYPROPO2H               3    1
CPDKETENE               1    1
CF3Br_c                 0    0
H2OH2O                  2    1
C514O2                  5    5
NC4OHCPAN               2    1
LALK4                   0    0
OH                    574  459
CF2ClCF2Cl              0    0
CH3CO3_a01              0    3
HSO5m_a01               4    5
HOCH2CH2NO              0    1
C1ODC2O2C4OOH           1    2
H2NCCH2MOH              0    1
C10PAN2                 2    1
NPTLQOOH                2    1
CH3NHCHO                1    3
ROO6R5P                 0    0
BrHgOBr_a01             1    1
DMSOHOO                 1    1
HONO                    3   17
IBr                     3    2
NC3H7O2                 4    3
NDNPHENO2               5    2
OH2MENTHEN6ONE          2    3
EZCH3CO2CHCHO           5    6
NBZFUONE                1    5
MEANNO_a01              3    1
D1O_a01                 0    1
C44OOH                  2    1
NO2_a01                11   17
CO2C3CHO                5    1
DNPHEN                  3    1
CH3COCH2O2NO2           3    1
TERPROD2                0    0
C98OOH                  2    1
NMBOBCO                 1    1
BrONO                   0    0
BIACET                  1    2
C3DIALOOH               2    1
N2O                     3    2
DEA_a01                 7    3
C813OOH                 2    1
HCl                     8   17
FeFpp_a01               0    0
CH3Br                   2    0
CH3NHCH2p_a01           1    3
HOCH2CO2H               2    4
LISOPOOHO2              0    0
DNCRESOOH               2    1
DMCNH2CO3               2    2
LaSOGv04                0    0
PAN                     4    2
ROO6R5O2                1    1
IPROPOL                 1    1
C4CO2DBCO3              6    3
CH3O2_a01               5    4
ClNO3                  11    1
C98O2                   4    5
PHENO2                  5    2
I2_a01                  2    4
CAMPHENE                7    0
DEANCH2CHO              1    1
Hg_a01                  8    4
LARO1                   0    0
ICl2m_a01               1    1
C5CO2DBPAN              2    1
NPHEN1O                 2    7
HOCH2CONHCHO            0    1
C44O2                   3    4
LTMB                    5    0
PTLQCO                  1    1
HCFC22                  0    0
C4CODIAL                4    1
BZEMUCCO3               7    4
NC4OHCO3                6    3
CHCl2Br                 2    0
LbSOGv01                0    0
AMPO                    2    1
NBZFUO2                 5    2
HOCH2CHO_a01            2    2
CF2ClCFCl2              0    0
LNAPINABOOH             2    1
BUT1ENE                 4    0
CH3CN                   6    1
FeCl3_a01               0    0
C3H7CHO                 3    8
LDISOPACO2              8    1
ROO6R1NO3               2    1
NCRES1O                 2    7
NNCATECOOH              2    1
C2H5OH                  1    1
SH                      0    0
H2O2_a01               16    8
C5COO2NO2               2    1
Hp_cs                   0    1
BENZENE                 1    1
LFLUORINE               0    6
HCOCH2CO3H              2    1
N2                     10    8
PELV                    1    1
MVKO2                   0    0
C5H9O3                  0    0
HCO                     0    0
DEANNO2_a01             3    4
LC5PAN1719              3    1
C722O2                  3    4
MSATMAH2O               2    2
ETHGLY                  1    1
NOPINDCO                1    1
TME                     2    0
LZCPANC23DBCOD          2    1
BZEMUCPAN               2    1
HOCH2COCH2OOH           4    1
CH3SCH2                 1    2
CN                      2    2
C6COOHCO3H              2    1
AMPAN                   1    1
CH3SOO2H                0    1
C1ODC2OOHC4OD           5    5
MSPN                    1    1
TLEMUCCO3H              2    1
MDIALO2                 0    0
CRESOOH                 2    1
C5DICARB                4   12
ClNO2                   1    2
IC4H9O2                 4    2
TERPO2                  0    0
N                       5   13
O3                     83   22
C811O2                  3    5
MALDIAL                 4   14
FeClpp_a01              4    3
MMALANHY                1    2
NH2CH2_a01              5    5
MVKOOH                  0    0
NTERPNO3                0    0
CH3ONO                  3    1
SABINENE                7    0
TMA_a01                 5    4
COFCL                   0    0
MMALNHYOOH              2    1
HOCH2CO2H_a01           2    1
CHEXOL                  0    1
HgBr2                   2    3
CO2_a01                 2   10
TERPNO3                 0    0
LHOC3H6OOH              0    0
TLOBIPEROH              2    2
PHAN                    3    1
CFC115                  0    0
LbbSOGiv01              0    0
LfSOGiv02               0    0
ASOV                    2    2
LbOSOGv01               0    0
DMSO2O                  1    1
C512O2                  3    3
LfPOG02                 0    0
BZOOH                   0    0
MACR                    4   11
HgBr                    4    1
HCOCCH3CHOOH            1    1
CH3CO3                  8   12
MEA                     5    1
HOCH2OOH                3    6
DMSO_a01                1    1
CH2NCH3                 4    6
MGLYOAC_a01             3    3
CH3SO3m_a01             0    1
RO6R1O2                 4    1
CH3CNH2MOH              2    2
TC4H9NO3                2    1
CH3CO3H                 2    1
LISOPCD                 2    3
LCHLORINE               0   10
CO23C4CO3               5   10
Rn                      0    0
LaOSOGv03               0    0
HOBr                    5    6
MACROH                  2    2
BIGALKANE               0    0
NISOPO2                 4    1
NDNPHENOOH              2    1
ONIT                    0    0
PROPACID                1    2
C721CO3                 8    4
MBOO2                   0    0
CFC113                  0    0
PTLQO2                  5    1
BZEMUCO2                6    1
CH3                     3   43
PTLQONE                 2    6
HNCO_a01                3    5
C5H8                    3    0
C6H5O2                  5   10
LMEKNO3                 2    2
C106O2                  4    5
C2H5OOH                 3    1
HOCH2CH2O2              5   16
ClHgBr_a01              1    1
CO2H3CO2H               1    1
MEABO2                  1    1
HCHO                   10  257
MPAN                    3    1
MBOOOH                  0    0
DEANNO2                 2    2
O2m_a01                25    7
PHENOL                  2    1
C3H7O2                  0    0
CH3CHCO                 2    2
BUT2OLO2                6    3
NTLFUOOH                2    1
ISOPBO2                 8    2
CFCl3                   2    0
C109OOH                 2    1
PINIC                   1    2
HYPERACET               3   10
C106NO3                 2    1
LIEPOX                  1    3
LMEKO2                  4    2
HCOCO3                  6    2
C6CO4DB                 2    5
H2NCHO2CHO              1    1
DMA_a01                 7    5
OCS                     0    0
MGLYOAC                 1    1
H1202                   0    0
HNO3                    3   71
C96O2                   4    8
C235C6CO3H              2    1
HCOCO3H                 3    5
C96OOH                  3    1
LbbSOGiv03              0    0
CHOC3COO2               3    5
FeOHpp_a01              8    7
LOLE2                   0    0
IO3m_a01                0    5
NH2CH2p_a01             1    1
C32OH13CO               2    6
MEK                     2    7
C2O4mm_a01              2    1
CO23C4CHO               4    5
IBUTDIAL                5    1
CH4                     5    3
XYLOLO2                 0    0
LISOPACO                2    5
LC578O2                 6    2
TEA_a01                 5    3
TLBIPERO2               6    6
C2H4                    4    3
CATECHOL                3    1
HCOCOHCO3H              2    1
ICl_a01                 5    5
HgCl                    3    1
LZCO3HC23DBCOD          3    3
XYLOL                   0    0
BIGALD3                 0    0
HgCl2                   2    2
DMSOO                   3    1
EPXC4DIAL               3   17
ALKOH                   0    0
ISOPOOH                 0    0
STYRENO2                5    2
MMA                     6    1
LBUT1ENOOH              3    1
FeOH2Fepppp_a01         2    1
TLBIPERNO3              2    1
FeOH3_a01               0    0
MACROOH                 4    4
BIGENE                  0    0
MEPROPENE               4    0
NDELA_a01               3    7
NO3m_cs                 0    1
CH2Br2                  2    0
HOCl                    5    3
HOCH2CO                 2   21
DMCNH2CHO               2    2
C810NO3                 2    1
LaSOGv03                0    0
LNBPINABOOH             2    1
C5H6O2                  0    0
C5CO14OOH               2    1
NH4                     0    0
C4MCONO3OH              1    1
LC4H9O2                 8    2
N2O_c                   0    0
DICARBO2                0    0
DMNCHOO2                1    1
CHEXONE                 1    2
DMNNO2                  2    2
NPTLQO2                 5    2
HO12CO3C4               3    4
C810O2                  5    6
CHEXO2                  3    1
MSADMA                  1    1
CF2Cl2                  2    0
CH3COCHO2CHO            4    6
DMS                     8    1
N2O4_a01                7    2
MALNHYOHCO              1    1
NH3                     2    3
MECOACEOOH              2    1
O2                     53   76
IPART                   0    1
DMSO2OO                 2    1
NC3H7OOH                4    1
C615CO2OOH              2    1
Fepp_a01               18   16
C614OOH                 2    1
BZEMUCCO2H              2    1
ROO6R3O2                4    4
Cl2_a01                 6    6
CH3CF3                  0    0
CHF2Cl                  0    0
MALDIALO2               5    2
ALKNO3                  0    0
CO2C4DIAL               2    1
ACCOMECO3H              2    1
FeBrpp_a01              0    0
BENZAL                  3   16
LTERP                   0    0
CH3COOHCHCHO            1    1
TLFUO2                  5    2
IO                     13    8
MACO2                   1    5
H                       8   23
C812O2                  3    3
C8BCO2                  4    1
NCOm_a01                1    1
BrOm_a01                3    2
TLFUONE                 3    7
NORPINIC                1    2
ClHgBr                  2    3
PERIBUACID              3    1
HCOCOOm_a01             2    1
DMOCNH2MOH              1    1
H2SO4_a01               1    2
AELV                    0    4
HOOCH2CO3               7    7
CH3OH_a01               3    4
H2                      4    7
AMPN                    3    3
PBZQONE                 2    5
NCO                     1    4
BrO                    19    5
C721O2                  3    8
CHEXO                   1    2
PBZQO2                  5    1
ONITR                   0    0
LCARBON                 0   89
C312COCO3H              2    1
H2NCOCH3                0    2
C5H12                   0    0
HOCH2CO3H               3    1
LHOC3H6O2               0    0
BUT2OLNO3               2    1
C2H4C2O4mm_a01          1    1
HSO4m_a01               2   12
LHAROM                  2    0
CH2ClI                  1    0
C6H5CO3                 7    4
PSOV                    1    2
BrHgOBr                 2    2
TMAp_a01                2    1
PACALD                  0    0
IPRHOCO3                8    6
DEANCH2O2               1    1
CF3CF2Cl                0    0
HgOHp_a01               3    3
Brm_a01                20   29
DMAO2                   1    1
S                       0    0
C5134CO2OH              2    7
BZEMUCCO                2    2
H2NCOCHO                2    2
O1D                    20    4
PROPOLNO3               2    1
FeHO2pp_a01             2    1
BZEMUCNO3               2    1
LSULFUR                 0    1
C3H8                    2    0
HBr_a01                 2    2
HNO                     4    3
C8BCNO3                 2    1
AMPNNO2                 1    1
ClOHm_a01               2    2
HCOCOCH2OOH             3    2
NO3_a01                 7    3
BPINANO3                1    2
CH3COCH3                3   78
C511O2                  4    4
CH3SOCH2                1    1
MMNp_a01                3    4
NBZFUOOH                2    1
DMNHCH2p_a01            1    2
C2H2                    4    0
C89CO3                  7   13
Np                      4    4
CH3NCH3                 3    3
MALDALCO2H              2   12
IC4H9OOH                3    1
TEAO2                   1    1
DOC_a01                 1    0
CO13C4CHO               3   15
NOPINOO                 5    3
DEAp_a01                2    1
NNCATECO2               5    2
TEAO                    3    1
MACO3                   8    6
TLEMUCOOH               2    1
MYRC                    0    0
ISOPDOH                 1    1
HOC2H4CO3H              2    1
HOCH2COCHO              3    2
HO2_a01                23   41
C89CO3H                 2    1
NOp                     1    6
H2O                    13  158
CH3NCO_a01              1    1
C6125CO                 2    1
ISOPBDNO3O2             2    2
Br                     16   36
BrCl_a01                4    8
LZCO3C23DBCOD           6    3
C89PAN                  2    1
NO_a01                  5    8
FeOHHO2p_a01            2    1
HgBrp_a01               2    2
C1ODC2O2C4OD            4    1
LfPOG04                 0    0
CH3SOH                  4    1
ISPD                    0    0
CH3SO3                  3    7
LALK5                   0    0
DMNCH2p_a01             1    3
HOCH2O2                 7    4
C513OOH                 2    1
LISOPNO3OOH             0    0
MVKNO3                  3    5
FeOpp_a01              10    1
METACETHO               1    1
C5CO2OHCO3              6    8
NISOPOOH                2    1
NC4DCO2H                1   21
BZFUOOH                 2    1
NORPINAL                5    7
MEABO                   2    1
LHC4ACCO3H              2    1
LfSOGiv01               0    0
MCATEC1O                2    7
LbOSOGv02               0    0
DNCRES                  3    1
C5H12O2                 0    0
LbbSOGsv02              0    0
Cl2O2                   2    1
CH3S                    5    3
C24O3CCO2H              1    1
CH3SO3H                 2    2
HNCCH3MOH               0    1
BZOO                    0    0
PIOV                    1    0
MVKN                    0    0
DMSOHO                  2    2
SO2_a01                 3    3
HCO3m_a01               2    4
BCARY                   0    0
DNPHENOOH               2    1
NO3CH2CHO               3   10
C6H5O                   2    7
C413COOOH               2    1
BIACETOOH               4    1
PINALNO3                2    1
DMNNO2_a01              3    4
IPRCO3                  5    5
LIMON                   0    0
C5PAN9                  2    1
CH3CHOHOOH              3    4
TLEMUCCO                2    2
PINALOOH                2    1
C4H8                    0    0
C86OOH                  2    1
AMP                     5    0
DEAN_a01                3    4
HOI                     3    4
TOL1OHNO2               3    1
C721PAN                 2    1
CHOCOCH2O2              5    8
C5COOHCO3H              2    1
TC4H9O2                 4    2
HOC2H4CO3               7    8
EZCHOCCH3CHO2           5    6
C86O2                   3    5
HNO3_a01                2   13
HMAC                    3    4
MALO2                   0    0
RO6R1NO3                2    1
TLEMUCNO3               2    1
O3s                     0    0
CH2F2                   0    0
C1ODC3O2C4OOH           4    1
LISOPOOHOOH             0    0
C2H6                    2    0
HIO3                    1    1
TMNp_a01                2    3
MNCATECO2               5    2
CH3CHF2                 0    0
STYRENOOH               2    1
C513O2                  4    3
LNAPINABO2              4    3
BZALD                   0    0
N2p                     3    2
OXYL1O2                 5    2
CFCl3_c                 0    0
C312COPAN               2    1
BZFUO2                  5    2
MPROPENOL               2    1
NPROPOL                 2    1
LbbPOG03                0    0
STYRENE                 3    0
ALCOCH2OOH              6    1
LISOPACNO3              3    3
BZFUONE                 3   18
BIGALD4                 0    0
HCHO_a01                4   20
NTERPO2                 0    0
C5CO14O2                7    9
LHC4ACCO3               9    7
PERPROACID              3    1
NH4p_a01                1    2
MBONO3O2                0    0
ELVOC                   0    0
TMADF                   0    1
C2H5C2O4m_a01           2    2
HPALD                   0    0
HNCO                    1    2
MMAp_a01                2    3
HYPROPO2                6    3
O3_a01                 10    1
HgO                     2    5
FeSO42m_a01             0    0
IC4H9NO3                2    1
LISOPACO2               8    2
IBUTALOH                2   19
CHClBr2                 2    0
APINAOO                 5    2
CO235C6O2               4    5
C5H11O2                 0    0
C312COCO3               5    4
C54CO                   3    1
TLFUOOH                 2    1
OIO                     5    4
ISOPAOH                 1    2
CO23C3CHO               4    4
C8BCOOH                 2    1
C812OOH                 2    1
ROOH                    0    0
BELV                    0   11
HCFC141B                0    0
C2H5CO3                 7    6
LbSOGv03                0    0
MEANHA                  0    1
SO                      0    0
CO2H3CO3                6    8
BUT2OLOOH               4    1
BPINAOOH                2    1
PR2O2HNO3               3    1
DENp_a01                2    5
CH3I                    2    0
IBr_a01                 5    5
HOOCH2CO3H              3    1
O2_1D                   0    0
PBZQOOH                 2    1
NACA                    0    0
C721OOH                 2    2
LME3FURANO2             3    2
H2NCCHOHCH3             0    1
LNMBOABOOH              4    1
C6H5CO3H                2    1
NH2C2H4NH2_a01          0    1
N2O4                    2    2
Pb                      0    0
C1OOHC2O2C4OD           5    2
CH3CHO_a01              1    2
NCCH2O2                 2    3
HOCl_a01               12    5
BZEMUCOOH               2    1
MACRO                   1    4
MNCPDKETENE             1    1
ISOPBOH                 1    1
C5CO14OH                2   12
C96CO3                  8    6
DENCH2CHOH_a01          4    5
DB1OOH                  4    1
C7PAN3                  2    1
APINBOO                 6    2
I                       6   26
LIECHO                  0    0
Br2_a01                 6    6
NDELA                   3    2
TMEO2                   1    1
MGLYOX_a01              2    1
DMSOOO                  1    1
HOCH2CHO                7   41
MVK                     3   11
FeSO3p_a01              3    2
MC3ODBCO2H              2    1
CH3CCl3                 3    0
HCOCO2CH3CHO            4    4
C2H5O2NO2               3    1
CH3CO                   2   95
HYETHO2H                4    1
FeHOpp_a01              0    0
Hg                     10    1
XYLENOOH                0    0
I2                      5    2
HOCHCHO                 1   18
DB1O                    2    7
CFC114                  0    0
FeF3_a01                0    0
HSO3                    1    1
HgCl2_a01               2    2
CH3COCO3H               2    2
LAPINABOOH              2    1
DB1O2                   7    3
DOCO_a01                0    1
MENTHEN6ONE             2    2
Hp_a01                 64  104
EPXDLPAN                2    1
H2NCHO_a01              2    1
EPXDLCO3H               2    1
C511OOH                 2    1
OH_a01                 75   16
NSTYRENO2               4    2
C614NO3                 2    1
CH3NO3                  3    2
CH2O2H2_a01             3    3
DB2O2                   6    3
LfPOG03                 0    0
FeF2p_a01               0    0
HCOCO2H_a01             3    4
ISOPDO2                 8    2
NC4CHO                  4    5
CH3SO4H                 0    1
IEC1O2                  0    0
C89O2                   5   12
ClO                    18   14
CO14O3CHO               3   12
NPHENO2                 5    2
C9PAN2                  2    1
NDNCRESO2               5    2
ISOPO2                  0    0
H2NCH2CO3               1    1
CH2Cl2                  0    0
MACRO2                  8   10
DNPHENO2                5    2
ISON                    0    0
CRESOL                  2    5
C89OOH                  2    1
BIACETO2                3    6
MEANNO2_a01             3    2
C5DICARBO2              5    2
MSAH2O                  3    3
CH3CO2H                 2    6
NC3H7NO3                1    1
ClOm_a01                3    2
HVMK                    3    4
DB2OOH                  2    1
LOLE1                   0    0
CO14O3CO2H              1    1
C6H5CH2OOH              2    1
em                      4   14
CH3SO4                  5    1
HCOCOHCO3               6   10
RGM_cs                  0    9
MMALANHYO2              5    2
HOCH2OH                 1    1
TLEMUCO2                6    1
MECOACETO2              5    9
DEA                     2    1
MACRNO3                 3    3
NCRESO2                 5    2
HCl_a01                 2    2
ACCOMECO3               6    4
CHEXOOH                 0    1
C810OOH                 2    1
C4MDIAL                 4   12
MSOON                   1    1
HCOCH2CHO               3    7
NO2                    90  584
DMSO2OOH                0    1
BrOHm_a01               3    1
LfSOGsv01               0    0
PBZNIT                  0    0
C614O2                  5    3
BUT2OLO                 2    1
PERPINONIC              2    1
HCOCH2CO2H              2    2
ISOOH                   0    0
MEKNO3                  0    0
CH3OH                   3    8
Clm_a01                23   42
HOCH2CONETOH            0    1
DENHp_a01               1    2
CH3NHCHO_a01            2    1
H2SO4                   1    6
LNISOOH                 2    1
HCOCCH3CO               2    3
LbbSOGiv02              0    0
ClHgOBr                 2    2
CH2NH                   1    3
NO2m_a01                8    4
PAN_a01                 1    1
Hgp_a01                 2    2
CH3CHO                 10   53
C721CO3H                2    1
BIACETOH                1    6
C3H7I                   2    0
HOETNHCH2CHO            0    1
SO4m_a01               11    6
Cl                     22   37
FeClp_a01               2    0
IC3H7O2                 4    8
NC4MDCO2H               1   21
PTLQOOH                 2    1
TMA                     6    2
C33CO                   2   19
C6H5OOH                 2    2
ACCOMEPAN               2    1
HCOCH2O2                6   20
INO3                    4    2
CO2                     2  315
ME3FURAN                2    2
SO4                     0    0
TERP2O2                 0    0
OClO                    1    3
PROPENOL                2    2
CHCl3                   0    0
BIGALD1                 0    0
DEANCHO                 0    2
C106OOH                 2    1
C2H5O2                  6   18
DENIMp_a01              1    2
MEA_a01                 4    3
TLEMUCCO2H              2    1
DMSOH                   3    1
C109O2                  6    2
H2NCHO                  2    5
IBUTOLBNO3              2    1
IC4H10                  2    0
TOLUENE                 1    0
LHMVKABO2               7   10
C3H7OOH                 0    0
MALANHYO2               5    1
MNNCATECO2              5    2
LMEKOOH                 3    2
MSATMA                  1    1
LfSOGiv03               0    0
C2H5NO3                 2    1
C5CO2OHPAN              2    1
LNITROGEN               0   20
SO3                     1    2
ROO6R3O                 1    2
CO235C5CHO              3    2
FeCl2p_a01              3    1
HOC6H4NO2               3    1
BZBIPERO2               6    1
MBOACO                  2    2
ENEO2                   0    0
CH3CCl3_c               0    0
MCATEC1O2               5    2
H2NCOCH2OH              2    4
BrCl                    4    8
HgSO3_a01               3    2
NC4OHCO3H               2    1
IBUTOLBO2               6    2
HOETNETOH               3    3
MGLYOX                  4   92
LaOSOGv02               0    0
SO3m_a01                4   15
HC2O4m_a01              3    3
HCOCOHPAN               2    1
IPRHOCO2H               1    3
FeSO4p_a01              2    2
HOCH2CH2O               2    4
HI                      2    1
CH3COCH2O2              7   10
PIPN                    3    1
BZBIPERNO3              2    1
NH2O                    2    3
C5DICAROOH              3    1
