spcfile = mecca.spc
eqnfile = tmp_2_211102101752.eqn

------------------------------------------------------------------------------
                 O1D =  1 * O + 
                 O3P =  1 * O + 
                  O2 =  2 * O + 
                  O3 =  3 * O + 
                   H =  1 * H + 
                  H2 =  2 * H + 
                  OH =  1 * H +  1 * O + 
                 HO2 =  1 * H +  2 * O + 
                 H2O =  2 * H +  1 * O + 
                H2O2 =  2 * H +  2 * O + 
              H2OH2O =  4 * H +  2 * O + 
                   N =  1 * N + 
                 N2D =  1 * N + 
                  N2 =  2 * N + 
                 NH3 =  3 * H +  1 * N + 
                 N2O =  1 * O +  2 * N + 
                  NO =  1 * O +  1 * N + 
                 NO2 =  2 * O +  1 * N + 
                 NO3 =  3 * O +  1 * N + 
                N2O5 =  5 * O +  2 * N + 
                HONO =  1 * H +  2 * O +  1 * N + 
                HNO3 =  1 * H +  3 * O +  1 * N + 
                HNO4 =  1 * H +  4 * O +  1 * N + 
                 NH2 =  2 * H +  1 * N + 
                 HNO =  1 * H +  1 * O +  1 * N + 
                NHOH =  2 * H +  1 * O +  1 * N + 
                NH2O =  2 * H +  1 * O +  1 * N + 
               NH2OH =  3 * H +  1 * O +  1 * N + 
           LNITROGEN =  1 * N + 
               CH2OO =  1 * C +  2 * H +  2 * O + 
              CH2OOA =  1 * C +  2 * H +  2 * O + 
                 CH3 =  1 * C +  3 * H + 
                CH3O =  1 * C +  3 * H +  1 * O + 
               CH3O2 =  1 * C +  3 * H +  2 * O + 
               CH3OH =  1 * C +  4 * H +  1 * O + 
              CH3OOH =  1 * C +  4 * H +  2 * O + 
                 CH4 =  1 * C +  4 * H + 
                  CO =  1 * C +  1 * O + 
                 CO2 =  1 * C +  2 * O + 
                HCHO =  1 * C +  2 * H +  1 * O + 
               HCOOH =  1 * C +  2 * H +  2 * O + 
             HOCH2O2 =  1 * C +  3 * H +  3 * O + 
             HOCH2OH =  1 * C +  4 * H +  2 * O + 
            HOCH2OOH =  1 * C +  4 * H +  3 * O + 
              CH3NO3 =  1 * C +  3 * H +  3 * O +  1 * N + 
            CH3O2NO2 =  1 * C +  3 * H +  4 * O +  1 * N + 
              CH3ONO =  1 * C +  3 * H +  2 * O +  1 * N + 
                  CN =  1 * C +  1 * N + 
                 HCN =  1 * C +  1 * H +  1 * N + 
          HOCH2O2NO2 =  1 * C +  3 * H +  5 * O +  1 * N + 
                 NCO =  1 * C +  1 * O +  1 * N + 
             LCARBON =  1 * C + 
                C2H2 =  2 * C +  2 * H + 
                C2H4 =  2 * C +  4 * H + 
              C2H5O2 =  2 * C +  5 * H +  2 * O + 
              C2H5OH =  2 * C +  6 * H +  1 * O + 
             C2H5OOH =  2 * C +  6 * H +  2 * O + 
                C2H6 =  2 * C +  6 * H + 
             CH2CHOH =  2 * C +  4 * H +  1 * O + 
               CH2CO =  2 * C +  2 * H +  1 * O + 
              CH3CHO =  2 * C +  4 * H +  1 * O + 
           CH3CHOHO2 =  2 * C +  5 * H +  3 * O + 
          CH3CHOHOOH =  2 * C +  6 * H +  3 * O + 
               CH3CO =  2 * C +  3 * H +  2 * O + 
             CH3CO2H =  2 * C +  4 * H +  2 * O + 
              CH3CO3 =  2 * C +  3 * H +  3 * O + 
             CH3CO3H =  2 * C +  4 * H +  3 * O + 
              ETHGLY =  2 * C +  6 * H +  2 * O + 
               GLYOX =  2 * C +  2 * H +  2 * O + 
            HCOCH2O2 =  2 * C +  3 * H +  3 * O + 
               HCOCO =  2 * C +  1 * H +  2 * O + 
             HCOCO2H =  2 * C +  2 * H +  3 * O + 
              HCOCO3 =  2 * C +  1 * H +  4 * O + 
             HCOCO3H =  2 * C +  2 * H +  4 * O + 
           HOCH2CH2O =  2 * C +  5 * H +  2 * O + 
          HOCH2CH2O2 =  2 * C +  5 * H +  3 * O + 
            HOCH2CHO =  2 * C +  4 * H +  2 * O + 
             HOCH2CO =  2 * C +  3 * H +  2 * O + 
           HOCH2CO2H =  2 * C +  4 * H +  3 * O + 
            HOCH2CO3 =  2 * C +  3 * H +  4 * O + 
           HOCH2CO3H =  2 * C +  4 * H +  4 * O + 
             HOCHCHO =  2 * C +  3 * H +  2 * O + 
           HOOCH2CHO =  2 * C +  4 * H +  3 * O + 
          HOOCH2CO2H =  2 * C +  4 * H +  4 * O + 
           HOOCH2CO3 =  2 * C +  3 * H +  5 * O + 
          HOOCH2CO3H =  2 * C +  4 * H +  5 * O + 
            HYETHO2H =  2 * C +  6 * H +  3 * O + 
             C2H5NO3 =  2 * C +  5 * H +  3 * O +  1 * N + 
           C2H5O2NO2 =  2 * C +  5 * H +  4 * O +  1 * N + 
               CH3CN =  2 * C +  3 * H +  1 * N + 
            ETHOHNO3 =  2 * C +  5 * H +  4 * O +  1 * N + 
             NCCH2O2 =  2 * C +  2 * H +  2 * O +  1 * N + 
           NO3CH2CHO =  2 * C +  3 * H +  4 * O +  1 * N + 
           NO3CH2CO3 =  2 * C +  2 * H +  6 * O +  1 * N + 
           NO3CH2PAN =  2 * C +  2 * H +  8 * O +  2 * N + 
                 PAN =  2 * C +  3 * H +  5 * O +  1 * N + 
                PHAN =  2 * C +  3 * H +  6 * O +  1 * N + 
              ACETOL =  3 * C +  6 * H +  2 * O + 
          ALCOCH2OOH =  3 * C +  4 * H +  4 * O + 
             C2H5CHO =  3 * C +  6 * H +  1 * O + 
            PROPACID =  3 * C +  6 * H +  2 * O + 
             C2H5CO3 =  3 * C +  5 * H +  3 * O + 
          PERPROACID =  3 * C +  6 * H +  3 * O + 
               C33CO =  3 * C +  2 * H +  3 * O + 
                C3H6 =  3 * C +  6 * H + 
                C3H8 =  3 * C +  8 * H + 
             CH3CHCO =  3 * C +  4 * H +  1 * O + 
          CH3COCH2O2 =  3 * C +  5 * H +  3 * O + 
            CH3COCH3 =  3 * C +  6 * H +  1 * O + 
           CH3COCO2H =  3 * C +  4 * H +  3 * O + 
            CH3COCO3 =  3 * C +  3 * H +  4 * O + 
           CH3COCO3H =  3 * C +  4 * H +  4 * O + 
          CHOCOCH2O2 =  3 * C +  3 * H +  4 * O + 
           HCOCH2CHO =  3 * C +  4 * H +  3 * O + 
          HCOCH2CO2H =  3 * C +  4 * H +  4 * O + 
           HCOCH2CO3 =  3 * C +  3 * H +  5 * O + 
          HCOCH2CO3H =  3 * C +  4 * H +  5 * O + 
         HCOCOCH2OOH =  3 * C +  4 * H +  4 * O + 
          HOC2H4CO2H =  3 * C +  6 * H +  3 * O + 
           HOC2H4CO3 =  3 * C +  5 * H +  4 * O + 
          HOC2H4CO3H =  3 * C +  6 * H +  4 * O + 
        HOCH2COCH2O2 =  3 * C +  5 * H +  4 * O + 
       HOCH2COCH2OOH =  3 * C +  6 * H +  4 * O + 
          HOCH2COCHO =  3 * C +  4 * H +  3 * O + 
           HYPERACET =  3 * C +  6 * H +  3 * O + 
            HYPROPO2 =  3 * C +  7 * H +  3 * O + 
           HYPROPO2H =  3 * C +  8 * H +  3 * O + 
             IC3H7O2 =  3 * C +  7 * H +  2 * O + 
            IC3H7OOH =  3 * C +  8 * H +  2 * O + 
             IPROPOL =  3 * C +  8 * H +  1 * O + 
              MGLYOX =  3 * C +  4 * H +  2 * O + 
             NC3H7O2 =  3 * C +  7 * H +  2 * O + 
            NC3H7OOH =  3 * C +  8 * H +  2 * O + 
             NPROPOL =  3 * C +  8 * H +  1 * O + 
            PROPENOL =  3 * C +  6 * H +  1 * O + 
           C32OH13CO =  3 * C +  4 * H +  3 * O + 
            C3DIALO2 =  3 * C +  3 * H +  4 * O + 
           C3DIALOOH =  3 * C +  4 * H +  4 * O + 
           HCOCOHCO3 =  3 * C +  3 * H +  5 * O + 
          HCOCOHCO3H =  3 * C +  4 * H +  5 * O + 
           METACETHO =  3 * C +  4 * H +  3 * O + 
              C3PAN1 =  3 * C +  5 * H +  6 * O +  1 * N + 
              C3PAN2 =  3 * C +  3 * H +  6 * O +  1 * N + 
       CH3COCH2O2NO2 =  3 * C +  5 * H +  5 * O +  1 * N + 
            IC3H7NO3 =  3 * C +  7 * H +  3 * O +  1 * N + 
            NC3H7NO3 =  3 * C +  7 * H +  3 * O +  1 * N + 
                 NOA =  3 * C +  5 * H +  4 * O +  1 * N + 
                 PPN =  3 * C +  5 * H +  5 * O +  1 * N + 
           PR2O2HNO3 =  3 * C +  7 * H +  5 * O +  1 * N + 
           PRONO3BO2 =  3 * C +  6 * H +  5 * O +  1 * N + 
           PROPOLNO3 =  3 * C +  7 * H +  4 * O +  1 * N + 
           HCOCOHPAN =  3 * C +  3 * H +  7 * O +  1 * N + 
              BIACET =  4 * C +  6 * H +  2 * O + 
            BIACETO2 =  4 * C +  5 * H +  4 * O + 
            BIACETOH =  4 * C +  6 * H +  3 * O + 
           BIACETOOH =  4 * C +  6 * H +  4 * O + 
             BUT1ENE =  4 * C +  8 * H + 
             BUT2OLO =  4 * C +  8 * H +  3 * O + 
            BUT2OLO2 =  4 * C +  9 * H +  2 * O + 
           BUT2OLOOH =  4 * C +  10 * H +  3 * O + 
             BUTENOL =  4 * C +  8 * H +  1 * O + 
           C312COCO3 =  4 * C +  3 * H +  5 * O + 
          C312COCO3H =  4 * C +  4 * H +  5 * O + 
             C3H7CHO =  4 * C +  8 * H +  1 * O + 
           C413COOOH =  4 * C +  6 * H +  4 * O + 
               C44O2 =  4 * C +  5 * H +  5 * O + 
              C44OOH =  4 * C +  6 * H +  5 * O + 
            C4CODIAL =  4 * C +  4 * H +  3 * O + 
            CBUT2ENE =  4 * C +  8 * H + 
           CH3COCHCO =  4 * C +  4 * H +  2 * O + 
        CH3COCHO2CHO =  4 * C +  5 * H +  4 * O + 
         CH3COCOCO2H =  4 * C +  6 * H +  4 * O + 
        CH3COOHCHCHO =  4 * C +  6 * H +  3 * O + 
           CHOC3COO2 =  4 * C +  5 * H +  4 * O + 
           CO23C3CHO =  4 * C +  4 * H +  3 * O + 
            CO2C3CHO =  4 * C +  6 * H +  2 * O + 
            CO2H3CHO =  4 * C +  5 * H +  3 * O + 
           CO2H3CO2H =  4 * C +  6 * H +  5 * O + 
            CO2H3CO3 =  4 * C +  5 * H +  5 * O + 
           CO2H3CO3H =  4 * C +  6 * H +  5 * O + 
       EZCH3CO2CHCHO =  4 * C +  5 * H +  3 * O + 
       EZCHOCCH3CHO2 =  4 * C +  5 * H +  3 * O + 
        HCOCCH3CHOOH =  4 * C +  6 * H +  3 * O + 
           HCOCCH3CO =  4 * C +  4 * H +  2 * O + 
        HCOCO2CH3CHO =  4 * C +  5 * H +  4 * O + 
                HMAC =  4 * C +  6 * H +  2 * O + 
           HO12CO3C4 =  4 * C +  8 * H +  3 * O + 
                HVMK =  4 * C +  6 * H +  2 * O + 
            IBUTALOH =  4 * C +  8 * H +  2 * O + 
            IBUTDIAL =  4 * C +  6 * H +  2 * O + 
           IBUTOLBO2 =  4 * C +  9 * H +  2 * O + 
          IBUTOLBOOH =  4 * C +  10 * H +  3 * O + 
              IC4H10 =  4 * C +  10 * H + 
             IC4H9O2 =  4 * C +  9 * H +  2 * O + 
            IC4H9OOH =  4 * C +  10 * H +  2 * O + 
              IPRCHO =  4 * C +  8 * H +  1 * O + 
              IPRCO3 =  4 * C +  7 * H +  3 * O + 
           IPRHOCO2H =  4 * C +  8 * H +  3 * O + 
            IPRHOCO3 =  4 * C +  7 * H +  4 * O + 
           IPRHOCO3H =  4 * C +  8 * H +  4 * O + 
               MACO2 =  4 * C +  5 * H +  2 * O + 
              MACO2H =  4 * C +  6 * H +  2 * O + 
               MACO3 =  4 * C +  5 * H +  3 * O + 
              MACO3H =  4 * C +  6 * H +  3 * O + 
                MACR =  4 * C +  6 * H +  1 * O + 
               MACRO =  4 * C +  7 * H +  3 * O + 
              MACRO2 =  4 * C +  7 * H +  4 * O + 
              MACROH =  4 * C +  8 * H +  3 * O + 
             MACROOH =  4 * C +  8 * H +  4 * O + 
               MBOOO =  4 * C +  8 * H +  3 * O + 
                 MEK =  4 * C +  8 * H +  1 * O + 
           MEPROPENE =  4 * C +  8 * H + 
           MPROPENOL =  4 * C +  8 * H +  1 * O + 
                 MVK =  4 * C +  6 * H +  1 * O + 
              NC4H10 =  4 * C +  10 * H + 
          PERIBUACID =  4 * C +  8 * H +  3 * O + 
            TBUT2ENE =  4 * C +  8 * H + 
             TC4H9O2 =  4 * C +  9 * H +  2 * O + 
            TC4H9OOH =  4 * C +  10 * H +  2 * O + 
              BZFUCO =  4 * C +  4 * H +  4 * O + 
              BZFUO2 =  4 * C +  5 * H +  3 * O + 
             BZFUONE =  4 * C +  4 * H +  2 * O + 
             BZFUOOH =  4 * C +  6 * H +  5 * O + 
           CO14O3CHO =  4 * C +  4 * H +  4 * O + 
          CO14O3CO2H =  4 * C +  4 * H +  5 * O + 
           CO2C4DIAL =  4 * C +  2 * H +  4 * O + 
           EPXC4DIAL =  4 * C +  4 * H +  3 * O + 
           EPXDLCO2H =  4 * C +  4 * H +  4 * O + 
            EPXDLCO3 =  4 * C +  3 * H +  5 * O + 
           EPXDLCO3H =  4 * C +  4 * H +  5 * O + 
          HOCOC4DIAL =  4 * C +  4 * H +  4 * O + 
             MALANHY =  4 * C +  2 * H +  3 * O + 
           MALANHYO2 =  4 * C +  3 * H +  6 * O + 
          MALANHYOOH =  4 * C +  4 * H +  6 * O + 
          MALDALCO2H =  4 * C +  4 * H +  3 * O + 
          MALDALCO3H =  4 * C +  4 * H +  4 * O + 
             MALDIAL =  4 * C +  4 * H +  2 * O + 
          MALDIALCO3 =  4 * C +  3 * H +  4 * O + 
           MALDIALO2 =  4 * C +  5 * H +  5 * O + 
          MALDIALOOH =  4 * C +  6 * H +  5 * O + 
          MALNHYOHCO =  4 * C +  2 * H +  5 * O + 
          MECOACEOOH =  4 * C +  6 * H +  5 * O + 
          MECOACETO2 =  4 * C +  5 * H +  5 * O + 
           BUT2OLNO3 =  4 * C +  9 * H +  5 * O +  1 * N + 
           C312COPAN =  4 * C +  3 * H +  7 * O +  1 * N + 
              C4PAN5 =  4 * C +  7 * H +  6 * O +  1 * N + 
          IBUTOLBNO3 =  4 * C +  9 * H +  4 * O +  1 * N + 
            IC4H9NO3 =  4 * C +  9 * H +  3 * O +  1 * N + 
             MACRNO3 =  4 * C +  7 * H +  5 * O +  1 * N + 
                MPAN =  4 * C +  5 * H +  5 * O +  1 * N + 
              MVKNO3 =  4 * C +  7 * H +  5 * O +  1 * N + 
                PIPN =  4 * C +  7 * H +  5 * O +  1 * N + 
            TC4H9NO3 =  4 * C +  9 * H +  3 * O +  1 * N + 
            EPXDLPAN =  4 * C +  3 * H +  7 * O +  1 * N + 
          MALDIALPAN =  4 * C +  3 * H +  6 * O +  1 * N + 
             NBZFUO2 =  4 * C +  4 * H +  7 * O +  1 * N + 
            NBZFUONE =  4 * C +  3 * H +  6 * O +  1 * N + 
            NBZFUOOH =  4 * C +  5 * H +  7 * O +  1 * N + 
            NC4DCO2H =  4 * C +  3 * H +  5 * O +  1 * N + 
           LBUT1ENO2 =  4 * C +  9 * H +  2 * O + 
          LBUT1ENOOH =  4 * C +  10 * H +  3 * O + 
             LC4H9O2 =  4 * C +  9 * H +  2 * O + 
            LC4H9OOH =  4 * C +  10 * H +  2 * O + 
           LHMVKABO2 =  4 * C +  7 * H +  4 * O + 
          LHMVKABOOH =  4 * C +  8 * H +  4 * O + 
              LMEKO2 =  4 * C +  7 * H +  3 * O + 
             LMEKOOH =  4 * C +  8 * H +  3 * O + 
          LBUT1ENNO3 =  4 * C +  9 * H +  5 * O +  1 * N + 
            LC4H9NO3 =  4 * C +  9 * H +  3 * O +  1 * N + 
             LMEKNO3 =  4 * C +  7 * H +  5 * O +  1 * N + 
        C1ODC2O2C4OD =  5 * C +  7 * H +  4 * O + 
       C1ODC2O2C4OOH =  5 * C +  9 * H +  5 * O + 
       C1ODC2OOHC4OD =  5 * C +  8 * H +  4 * O + 
       C1ODC3O2C4OOH =  5 * C +  9 * H +  5 * O + 
       C1OOHC2O2C4OD =  5 * C +  9 * H +  5 * O + 
      C1OOHC2OOHC4OD =  5 * C +  10 * H +  5 * O + 
       C1OOHC3O2C4OD =  5 * C +  9 * H +  5 * O + 
             C4MDIAL =  5 * C +  6 * H +  2 * O + 
              C511O2 =  5 * C +  7 * H +  4 * O + 
             C511OOH =  5 * C +  8 * H +  4 * O + 
              C512O2 =  5 * C +  7 * H +  4 * O + 
             C512OOH =  5 * C +  8 * H +  4 * O + 
              C513CO =  5 * C +  6 * H +  4 * O + 
              C513O2 =  5 * C +  7 * H +  5 * O + 
             C513OOH =  5 * C +  8 * H +  5 * O + 
              C514O2 =  5 * C +  7 * H +  4 * O + 
             C514OOH =  5 * C +  8 * H +  4 * O + 
               C59O2 =  5 * C +  9 * H +  5 * O + 
              C59OOH =  5 * C +  10 * H +  5 * O + 
                C5H8 =  5 * C +  8 * H + 
          CHOC3COCO3 =  5 * C +  5 * H +  5 * O + 
          CHOC3COOOH =  5 * C +  6 * H +  4 * O + 
           CO13C4CHO =  5 * C +  6 * H +  3 * O + 
           CO23C4CHO =  5 * C +  6 * H +  3 * O + 
           CO23C4CO3 =  5 * C +  5 * H +  5 * O + 
          CO23C4CO3H =  5 * C +  6 * H +  5 * O + 
                DB1O =  5 * C +  9 * H +  3 * O + 
               DB1O2 =  5 * C +  9 * H +  4 * O + 
              DB1OOH =  5 * C +  10 * H +  4 * O + 
               DB2O2 =  5 * C +  9 * H +  5 * O + 
              DB2OOH =  5 * C +  10 * H +  5 * O + 
               HCOC5 =  5 * C +  8 * H +  2 * O + 
             ISOPAOH =  5 * C +  10 * H +  2 * O + 
             ISOPBO2 =  5 * C +  9 * H +  3 * O + 
             ISOPBOH =  5 * C +  10 * H +  2 * O + 
            ISOPBOOH =  5 * C +  10 * H +  3 * O + 
             ISOPDO2 =  5 * C +  9 * H +  3 * O + 
             ISOPDOH =  5 * C +  10 * H +  2 * O + 
            ISOPDOOH =  5 * C +  10 * H +  3 * O + 
                 MBO =  5 * C +  10 * H +  1 * O + 
              MBOACO =  5 * C +  10 * H +  3 * O + 
             MBOCOCO =  5 * C +  8 * H +  3 * O + 
            ME3FURAN =  5 * C +  6 * H +  1 * O + 
           ACCOMECHO =  5 * C +  6 * H +  4 * O + 
           ACCOMECO3 =  5 * C +  5 * H +  6 * O + 
          ACCOMECO3H =  5 * C +  6 * H +  6 * O + 
          C24O3CCO2H =  5 * C +  6 * H +  5 * O + 
          C4CO2DBCO3 =  5 * C +  3 * H +  5 * O + 
          C4CO2DCO3H =  5 * C +  4 * H +  5 * O + 
          C5134CO2OH =  5 * C +  6 * H +  4 * O + 
               C54CO =  5 * C +  4 * H +  4 * O + 
            C5CO14O2 =  5 * C +  5 * H +  4 * O + 
            C5CO14OH =  5 * C +  6 * H +  3 * O + 
           C5CO14OOH =  5 * C +  6 * H +  4 * O + 
            C5DIALCO =  5 * C +  4 * H +  3 * O + 
            C5DIALO2 =  5 * C +  5 * H +  4 * O + 
           C5DIALOOH =  5 * C +  6 * H +  4 * O + 
            C5DICARB =  5 * C +  6 * H +  2 * O + 
          C5DICARBO2 =  5 * C +  7 * H +  5 * O + 
          C5DICAROOH =  5 * C +  8 * H +  5 * O + 
          MC3ODBCO2H =  5 * C +  6 * H +  3 * O + 
            MMALANHY =  5 * C +  4 * H +  3 * O + 
          MMALANHYO2 =  5 * C +  5 * H +  6 * O + 
          MMALNHYOOH =  5 * C +  6 * H +  6 * O + 
              TLFUO2 =  5 * C +  7 * H +  5 * O + 
             TLFUONE =  5 * C +  6 * H +  2 * O + 
             TLFUOOH =  5 * C +  8 * H +  5 * O + 
          C4MCONO3OH =  5 * C +  9 * H +  5 * O +  1 * N + 
             C514NO3 =  5 * C +  7 * H +  5 * O +  1 * N + 
              C5PAN9 =  5 * C +  5 * H +  7 * O +  1 * N + 
          CHOC3COPAN =  5 * C +  5 * H +  5 * O +  1 * N + 
              DB1NO3 =  5 * C +  9 * H +  6 * O +  1 * N + 
         ISOPBDNO3O2 =  5 * C +  10 * H +  7 * O +  1 * N + 
            ISOPBNO3 =  5 * C +  9 * H +  4 * O +  1 * N + 
            ISOPDNO3 =  5 * C +  9 * H +  4 * O +  1 * N + 
              NC4CHO =  5 * C +  7 * H +  4 * O +  1 * N + 
            NC4OHCO3 =  5 * C +  8 * H +  6 * O +  1 * N + 
           NC4OHCO3H =  5 * C +  9 * H +  6 * O +  1 * N + 
           NC4OHCPAN =  5 * C +  8 * H +  8 * O +  2 * N + 
             NISOPO2 =  5 * C +  8 * H +  5 * O +  1 * N + 
            NISOPOOH =  5 * C +  9 * H +  5 * O +  1 * N + 
             NMBOBCO =  5 * C +  9 * H +  5 * O +  1 * N + 
           ACCOMEPAN =  5 * C +  5 * H +  6 * O +  1 * N + 
          C4CO2DBPAN =  5 * C +  3 * H +  7 * O +  1 * N + 
           C5COO2NO2 =  5 * C +  5 * H +  6 * O +  1 * N + 
           NC4MDCO2H =  5 * C +  5 * H +  5 * O +  1 * N + 
             NTLFUO2 =  5 * C +  6 * H +  7 * O +  1 * N + 
            NTLFUOOH =  5 * C +  7 * H +  6 * O +  1 * N + 
             LC578O2 =  5 * C +  9 * H +  5 * O + 
            LC578OOH =  5 * C +  10 * H +  5 * O + 
           LDISOPACO =  5 * C +  9 * H +  2 * O + 
          LDISOPACO2 =  5 * C +  9 * H +  3 * O + 
           LHC4ACCHO =  5 * C +  8 * H +  2 * O + 
          LHC4ACCO2H =  5 * C +  8 * H +  3 * O + 
           LHC4ACCO3 =  5 * C +  7 * H +  4 * O + 
          LHC4ACCO3H =  5 * C +  8 * H +  4 * O + 
              LIEPOX =  5 * C +  10 * H +  3 * O + 
             LISOPAB =  5 * C +  9 * H +  1 * O + 
            LISOPACO =  5 * C +  9 * H +  2 * O + 
           LISOPACO2 =  5 * C +  9 * H +  3 * O + 
          LISOPACOOH =  5 * C +  10 * H +  3 * O + 
             LISOPCD =  5 * C +  9 * H +  1 * O + 
            LISOPEFO =  5 * C +  9 * H +  2 * O + 
           LISOPEFO2 =  5 * C +  9 * H +  3 * O + 
            LMBOABO2 =  5 * C +  11 * H +  4 * O + 
           LMBOABOOH =  5 * C +  12 * H +  4 * O + 
         LME3FURANO2 =  5 * C +  7 * H +  4 * O + 
       LZCO3C23DBCOD =  5 * C +  5 * H +  4 * O + 
      LZCO3HC23DBCOD =  5 * C +  6 * H +  4 * O + 
      LZCODC23DBCOOH =  5 * C +  8 * H +  3 * O + 
          LC5PAN1719 =  5 * C +  7 * H +  6 * O +  1 * N + 
          LISOPACNO3 =  5 * C +  9 * H +  4 * O +  1 * N + 
        LISOPACNO3O2 =  5 * C +  10 * H +  7 * O +  1 * N + 
           LMBOABNO3 =  5 * C +  11 * H +  5 * O +  1 * N + 
              LNISO3 =  5 * C +  1 * N + 
             LNISOOH =  5 * C +  1 * N + 
           LNMBOABO2 =  5 * C +  9 * H +  6 * O +  1 * N + 
          LNMBOABOOH =  5 * C +  10 * H +  6 * O +  1 * N + 
      LZCPANC23DBCOD =  5 * C +  5 * H +  6 * O +  1 * N + 
              C614CO =  6 * C +  8 * H +  4 * O + 
              C614O2 =  6 * C +  9 * H +  5 * O + 
             C614OOH =  6 * C +  10 * H +  5 * O + 
          CO235C5CHO =  6 * C +  6 * H +  4 * O + 
           CO235C6O2 =  6 * C +  7 * H +  5 * O + 
          CO235C6OOH =  6 * C +  8 * H +  5 * O + 
             BENZENE =  6 * C +  6 * H + 
           BZBIPERO2 =  6 * C +  7 * H +  5 * O + 
          BZBIPEROOH =  6 * C +  8 * H +  5 * O + 
            BZEMUCCO =  6 * C +  6 * H +  5 * O + 
          BZEMUCCO2H =  6 * C +  6 * H +  4 * O + 
           BZEMUCCO3 =  6 * C +  5 * H +  5 * O + 
          BZEMUCCO3H =  6 * C +  6 * H +  5 * O + 
            BZEMUCO2 =  6 * C +  7 * H +  6 * O + 
           BZEMUCOOH =  6 * C +  8 * H +  6 * O + 
           BZEPOXMUC =  6 * C +  6 * H +  3 * O + 
          BZOBIPEROH =  6 * C +  6 * H +  4 * O + 
          C5CO2DBCO3 =  6 * C +  5 * H +  5 * O + 
          C5CO2DCO3H =  6 * C +  6 * H +  5 * O + 
          C5CO2OHCO3 =  6 * C +  5 * H +  6 * O + 
          C5COOHCO3H =  6 * C +  6 * H +  6 * O + 
             C6125CO =  6 * C +  6 * H +  3 * O + 
           C615CO2O2 =  6 * C +  7 * H +  4 * O + 
          C615CO2OOH =  6 * C +  8 * H +  4 * O + 
             C6CO4DB =  6 * C +  4 * H +  4 * O + 
               C6H5O =  6 * C +  5 * H +  1 * O + 
              C6H5O2 =  6 * C +  5 * H +  2 * O + 
             C6H5OOH =  6 * C +  6 * H +  2 * O + 
             CATEC1O =  6 * C +  5 * H +  2 * O + 
            CATEC1O2 =  6 * C +  5 * H +  3 * O + 
           CATEC1OOH =  6 * C +  6 * H +  3 * O + 
            CATECHOL =  6 * C +  4 * H +  2 * O + 
           CPDKETENE =  6 * C +  4 * H +  1 * O + 
              PBZQCO =  6 * C +  4 * H +  4 * O + 
              PBZQO2 =  6 * C +  5 * H +  5 * O + 
             PBZQONE =  6 * C +  4 * H +  2 * O + 
             PBZQOOH =  6 * C +  6 * H +  5 * O + 
              PHENO2 =  6 * C +  7 * H +  6 * O + 
              PHENOL =  6 * C +  6 * H +  1 * O + 
             PHENOOH =  6 * C +  8 * H +  6 * O + 
             C614NO3 =  6 * C +  9 * H +  6 * O +  1 * N + 
          BZBIPERNO3 =  6 * C +  7 * H +  6 * O +  1 * N + 
           BZEMUCNO3 =  6 * C +  7 * H +  7 * O +  1 * N + 
           BZEMUCPAN =  6 * C +  5 * H +  7 * O +  1 * N + 
          C5CO2DBPAN =  6 * C +  5 * H +  7 * O +  1 * N + 
          C5CO2OHPAN =  6 * C +  5 * H +  8 * O +  1 * N + 
              DNPHEN =  6 * C +  4 * H +  5 * O +  2 * N + 
            DNPHENO2 =  6 * C +  5 * H +  10 * O +  2 * N + 
           DNPHENOOH =  6 * C +  6 * H +  10 * O +  2 * N + 
           HOC6H4NO2 =  6 * C +  5 * H +  3 * O +  1 * N + 
              NBZQO2 =  6 * C +  4 * H +  7 * O +  1 * N + 
             NBZQOOH =  6 * C +  5 * H +  7 * O +  1 * N + 
           NCATECHOL =  6 * C +  5 * H +  4 * O +  1 * N + 
            NCATECO2 =  6 * C +  6 * H +  9 * O +  1 * N + 
           NCATECOOH =  6 * C +  7 * H +  9 * O +  1 * N + 
          NCPDKETENE =  6 * C +  3 * H +  3 * O +  1 * N + 
           NDNPHENO2 =  6 * C +  4 * H +  12 * O +  3 * N + 
          NDNPHENOOH =  6 * C +  5 * H +  12 * O +  3 * N + 
           NNCATECO2 =  6 * C +  5 * H +  11 * O +  2 * N + 
          NNCATECOOH =  6 * C +  6 * H +  11 * O +  2 * N + 
             NPHEN1O =  6 * C +  4 * H +  3 * O +  1 * N + 
            NPHEN1O2 =  6 * C +  4 * H +  4 * O +  1 * N + 
           NPHEN1OOH =  6 * C +  5 * H +  4 * O +  1 * N + 
             NPHENO2 =  6 * C +  6 * H +  8 * O +  1 * N + 
            NPHENOOH =  6 * C +  7 * H +  8 * O +  1 * N + 
          C235C6CO3H =  7 * C +  8 * H +  6 * O + 
              C716O2 =  7 * C +  9 * H +  5 * O + 
             C716OOH =  7 * C +  10 * H +  5 * O + 
              C721O2 =  7 * C +  11 * H +  4 * O + 
             C721OOH =  7 * C +  12 * H +  4 * O + 
              C722O2 =  7 * C +  11 * H +  5 * O + 
             C722OOH =  7 * C +  12 * H +  5 * O + 
          CO235C6CHO =  7 * C +  8 * H +  4 * O + 
          CO235C6CO3 =  7 * C +  7 * H +  6 * O + 
          MCPDKETENE =  7 * C +  6 * H +  2 * O + 
             ROO6R3O =  7 * C +  11 * H +  4 * O + 
            ROO6R3O2 =  7 * C +  11 * H +  5 * O + 
            ROO6R5O2 =  7 * C +  11 * H +  7 * O + 
              BENZAL =  7 * C +  6 * H +  1 * O + 
          C6CO2OHCO3 =  7 * C +  7 * H +  6 * O + 
          C6COOHCO3H =  7 * C +  8 * H +  6 * O + 
           C6H5CH2O2 =  7 * C +  7 * H +  2 * O + 
          C6H5CH2OOH =  7 * C +  8 * H +  2 * O + 
             C6H5CO3 =  7 * C +  5 * H +  3 * O + 
            C6H5CO3H =  7 * C +  6 * H +  3 * O + 
             C7CO4DB =  7 * C +  6 * H +  4 * O + 
              CRESO2 =  7 * C +  9 * H +  6 * O + 
              CRESOL =  7 * C +  8 * H +  1 * O + 
             CRESOOH =  7 * C +  10 * H +  6 * O + 
            MCATEC1O =  7 * C +  7 * H +  2 * O + 
           MCATEC1O2 =  7 * C +  7 * H +  3 * O + 
          MCATEC1OOH =  7 * C +  8 * H +  3 * O + 
           MCATECHOL =  7 * C +  8 * H +  2 * O + 
             OXYL1O2 =  7 * C +  7 * H +  2 * O + 
            OXYL1OOH =  7 * C +  8 * H +  2 * O + 
              PHCOOH =  7 * C +  6 * H +  2 * O + 
              PTLQCO =  7 * C +  6 * H +  4 * O + 
              PTLQO2 =  7 * C +  7 * H +  5 * O + 
             PTLQONE =  7 * C +  6 * H +  2 * O + 
             PTLQOOH =  7 * C +  8 * H +  5 * O + 
           TLBIPERO2 =  7 * C +  9 * H +  5 * O + 
          TLBIPEROOH =  7 * C +  10 * H +  5 * O + 
            TLEMUCCO =  7 * C +  8 * H +  5 * O + 
          TLEMUCCO2H =  7 * C +  8 * H +  4 * O + 
           TLEMUCCO3 =  7 * C +  7 * H +  5 * O + 
          TLEMUCCO3H =  7 * C +  8 * H +  5 * O + 
            TLEMUCO2 =  7 * C +  9 * H +  6 * O + 
           TLEMUCOOH =  7 * C +  10 * H +  6 * O + 
           TLEPOXMUC =  7 * C +  8 * H +  3 * O + 
          TLOBIPEROH =  7 * C +  8 * H +  4 * O + 
               TOL1O =  7 * C +  7 * H +  1 * O + 
             TOLUENE =  7 * C +  8 * H + 
              C7PAN3 =  7 * C +  7 * H +  8 * O +  1 * N + 
          C6CO2OHPAN =  7 * C +  7 * H +  8 * O +  1 * N + 
          C6H5CH2NO3 =  7 * C +  7 * H +  3 * O +  1 * N + 
              DNCRES =  7 * C +  6 * H +  5 * O +  2 * N + 
            DNCRESO2 =  7 * C +  7 * H +  10 * O +  2 * N + 
           DNCRESOOH =  7 * C +  8 * H +  10 * O +  2 * N + 
            MNCATECH =  7 * C +  7 * H +  4 * O +  1 * N + 
           MNCATECO2 =  7 * C +  8 * H +  9 * O +  1 * N + 
          MNCATECOOH =  7 * C +  9 * H +  9 * O +  1 * N + 
         MNCPDKETENE =  7 * C +  5 * H +  3 * O +  1 * N + 
          MNNCATCOOH =  7 * C +  8 * H +  11 * O +  2 * N + 
          MNNCATECO2 =  7 * C +  7 * H +  11 * O +  2 * N + 
             NCRES1O =  7 * C +  6 * H +  3 * O +  1 * N + 
            NCRES1O2 =  7 * C +  6 * H +  4 * O +  1 * N + 
           NCRES1OOH =  7 * C +  7 * H +  4 * O +  1 * N + 
             NCRESO2 =  7 * C +  8 * H +  8 * O +  1 * N + 
            NCRESOOH =  7 * C +  9 * H +  8 * O +  1 * N + 
           NDNCRESO2 =  7 * C +  6 * H +  2 * O +  3 * N + 
          NDNCRESOOH =  7 * C +  7 * H +  12 * O +  3 * N + 
             NPTLQO2 =  7 * C +  6 * H +  7 * O +  1 * N + 
            NPTLQOOH =  7 * C +  7 * H +  7 * O +  1 * N + 
                PBZN =  7 * C +  5 * H +  5 * O +  1 * N + 
          TLBIPERNO3 =  7 * C +  9 * H +  6 * O +  1 * N + 
           TLEMUCNO3 =  7 * C +  9 * H +  7 * O +  1 * N + 
           TLEMUCPAN =  7 * C +  7 * H +  7 * O +  1 * N + 
           TOL1OHNO2 =  7 * C +  7 * H +  3 * O +  1 * N + 
             C721CHO =  8 * C +  12 * H +  3 * O + 
             C721CO3 =  8 * C +  11 * H +  5 * O + 
            C721CO3H =  8 * C +  12 * H +  5 * O + 
              C810O2 =  8 * C +  13 * H +  4 * O + 
             C810OOH =  8 * C +  14 * H +  4 * O + 
              C811O2 =  8 * C +  13 * H +  4 * O + 
              C812O2 =  8 * C +  13 * H +  5 * O + 
             C812OOH =  8 * C +  14 * H +  5 * O + 
              C813O2 =  8 * C +  13 * H +  6 * O + 
             C813OOH =  8 * C +  14 * H +  5 * O + 
               C85O2 =  8 * C +  13 * H +  3 * O + 
              C85OOH =  8 * C +  14 * H +  3 * O + 
               C86O2 =  8 * C +  13 * H +  4 * O + 
              C86OOH =  8 * C +  14 * H +  4 * O + 
               C89O2 =  8 * C +  13 * H +  3 * O + 
              C89OOH =  8 * C +  14 * H +  3 * O + 
                C8BC =  8 * C +  14 * H + 
              C8BCCO =  8 * C +  12 * H +  1 * O + 
              C8BCO2 =  8 * C +  11 * H +  2 * O + 
             C8BCOOH =  8 * C +  12 * H +  2 * O + 
            NORPINIC =  8 * C +  12 * H +  4 * O + 
               EBENZ =  8 * C +  10 * H + 
             STYRENE =  8 * C +  8 * H + 
            STYRENO2 =  8 * C +  9 * H +  3 * O + 
           STYRENOOH =  8 * C +  10 * H +  3 * O + 
             C721PAN =  8 * C +  11 * H +  7 * O +  1 * N + 
             C810NO3 =  8 * C +  14 * H +  5 * O +  1 * N + 
              C89NO3 =  8 * C +  13 * H +  4 * O +  1 * N + 
             C8BCNO3 =  8 * C +  11 * H +  3 * O +  1 * N + 
           NSTYRENO2 =  8 * C +  8 * H +  5 * O +  1 * N + 
          NSTYRENOOH =  8 * C +  9 * H +  5 * O +  1 * N + 
                LXYL =  8 * C +  10 * H + 
             C811CO3 =  9 * C +  13 * H +  5 * O + 
            C811CO3H =  9 * C +  14 * H +  5 * O + 
              C85CO3 =  9 * C +  11 * H +  4 * O + 
             C85CO3H =  9 * C +  12 * H +  4 * O + 
             C89CO2H =  9 * C +  14 * H +  3 * O + 
              C89CO3 =  9 * C +  13 * H +  4 * O + 
             C89CO3H =  9 * C +  14 * H +  4 * O + 
               C96O2 =  9 * C +  15 * H +  3 * O + 
              C96OOH =  9 * C +  16 * H +  3 * O + 
               C97O2 =  9 * C +  15 * H +  4 * O + 
              C97OOH =  9 * C +  16 * H +  4 * O + 
               C98O2 =  9 * C +  15 * H +  5 * O + 
              C98OOH =  9 * C +  16 * H +  5 * O + 
            NOPINDCO =  9 * C +  12 * H +  2 * O + 
            NOPINDO2 =  9 * C +  13 * H +  3 * O + 
           NOPINDOOH =  9 * C +  14 * H +  3 * O + 
            NOPINONE =  9 * C +  14 * H +  1 * O + 
             NOPINOO =  9 * C +  14 * H +  2 * O + 
            NORPINAL =  9 * C +  14 * H +  2 * O + 
          NORPINENOL =  9 * C +  14 * H +  2 * O + 
               PINIC =  9 * C +  14 * H +  4 * O + 
             C811PAN =  9 * C +  13 * H +  7 * O +  1 * N + 
              C89PAN =  9 * C +  13 * H +  5 * O +  1 * N + 
              C96NO3 =  9 * C +  15 * H +  4 * O +  1 * N + 
              C9PAN2 =  9 * C +  13 * H +  6 * O +  1 * N + 
                LTMB =  9 * C +  12 * H + 
             APINAOO =  10 * C +  16 * H +  3 * O + 
             APINBOO =  10 * C +  16 * H +  3 * O + 
             APINENE =  10 * C +  16 * H + 
             BPINAO2 =  10 * C +  17 * H +  3 * O + 
            BPINAOOH =  10 * C +  18 * H +  3 * O + 
             BPINENE =  10 * C +  16 * H + 
              C106O2 =  10 * C +  15 * H +  5 * O + 
             C106OOH =  10 * C +  16 * H +  5 * O + 
              C109CO =  10 * C +  10 * H +  3 * O + 
              C109O2 =  10 * C +  15 * H +  4 * O + 
             C109OOH =  10 * C +  16 * H +  4 * O + 
              C96CO3 =  10 * C +  15 * H +  4 * O + 
            CAMPHENE =  10 * C +  16 * H + 
              CARENE =  10 * C +  16 * H + 
         MENTHEN6ONE =  10 * C +  16 * H +  3 * O + 
      OH2MENTHEN6ONE =  10 * C +  17 * H +  4 * O + 
     OHMENTHEN6ONEO2 =  10 * C +  17 * H +  5 * O + 
          PERPINONIC =  10 * C +  16 * H +  4 * O + 
               PINAL =  10 * C +  16 * H +  2 * O + 
             PINALO2 =  10 * C +  13 * H +  4 * O + 
            PINALOOH =  10 * C +  14 * H +  4 * O + 
             PINENOL =  10 * C +  16 * H +  2 * O + 
             PINONIC =  10 * C +  16 * H +  3 * O + 
             RO6R1O2 =  10 * C +  17 * H +  4 * O + 
             RO6R3O2 =  10 * C +  17 * H +  5 * O + 
            ROO6R1O2 =  10 * C +  17 * H +  5 * O + 
            SABINENE =  10 * C +  16 * H + 
            BPINANO3 =  10 * C +  17 * H +  4 * O +  1 * N + 
             C106NO3 =  10 * C +  15 * H +  6 * O +  1 * N + 
             C10PAN2 =  10 * C +  15 * H +  6 * O +  1 * N + 
            PINALNO3 =  10 * C +  13 * H +  5 * O +  1 * N + 
            RO6R1NO3 =  10 * C +  17 * H +  5 * O +  1 * N + 
           ROO6R1NO3 =  10 * C +  17 * H +  6 * O +  1 * N + 
          LAPINABNO3 =  10 * C +  17 * H +  4 * O +  1 * N + 
           LAPINABO2 =  10 * C +  17 * H +  3 * O + 
          LAPINABOOH =  10 * C +  18 * H +  3 * O + 
          LNAPINABO2 =  10 * C +  16 * H +  5 * O +  1 * N + 
         LNAPINABOOH =  10 * C +  17 * H +  5 * O +  1 * N + 
          LNBPINABO2 =  10 * C +  16 * H +  5 * O +  1 * N + 
         LNBPINABOOH =  10 * C +  17 * H +  5 * O +  1 * N + 
              LHAROM =  11 * C +  14 * H + 
           LFLUORINE =  1 * F + 
                CHF3 =  1 * C +  1 * H +  3 * F + 
             CHF2CF3 =  2 * C +  1 * H +  5 * F + 
              CH3CF3 =  2 * C +  3 * H +  3 * F + 
               CH2F2 =  1 * C +  2 * H +  2 * F + 
             CH3CHF2 =  2 * C +  4 * H +  2 * F + 
                CCl4 =  1 * C +  4 * Cl + 
              CF2Cl2 =  1 * C +  2 * F +  2 * Cl + 
          CF2ClCF2Cl =  2 * C +  4 * F +  2 * Cl + 
          CF2ClCFCl2 =  2 * C +  3 * F +  3 * Cl + 
            CF3CF2Cl =  2 * C +  5 * F +  1 * Cl + 
               CFCl3 =  1 * C +  1 * F +  3 * Cl + 
              CH2Cl2 =  1 * C +  2 * H +  2 * Cl + 
             CH2FCF3 =  2 * C +  2 * H +  4 * F + 
             CH3CCl3 =  2 * C +  3 * H +  3 * Cl + 
            CH3CFCl2 =  2 * C +  3 * H +  1 * F +  2 * Cl + 
               CH3Cl =  1 * C +  3 * H +  1 * Cl + 
               CHCl3 =  1 * C +  1 * H +  3 * Cl + 
              CHF2Cl =  1 * C +  1 * H +  2 * F +  1 * Cl + 
                  Cl =  1 * Cl + 
                 Cl2 =  2 * Cl + 
               Cl2O2 =  2 * O +  2 * Cl + 
               ClNO2 =  2 * O +  1 * N +  1 * Cl + 
               ClNO3 =  3 * O +  1 * N +  1 * Cl + 
                 ClO =  1 * O +  1 * Cl + 
                 HCl =  1 * H +  1 * Cl + 
                HOCl =  1 * H +  1 * O +  1 * Cl + 
                OClO =  2 * O +  1 * Cl + 
           LCHLORINE =  1 * Cl + 
                  Br =  1 * Br + 
                 Br2 =  2 * Br + 
                BrCl =  1 * Cl +  1 * Br + 
               BrNO2 =  2 * O +  1 * N +  1 * Br + 
               BrNO3 =  3 * O +  1 * N +  1 * Br + 
                 BrO =  1 * O +  1 * Br + 
             CF2ClBr =  1 * C +  2 * F +  1 * Cl +  1 * Br + 
               CF3Br =  1 * C +  3 * F +  1 * Br + 
              CH2Br2 =  1 * C +  2 * H +  2 * Br + 
             CH2ClBr =  1 * C +  2 * H +  1 * Cl +  1 * Br + 
               CH3Br =  1 * C +  3 * H +  1 * Br + 
               CHBr3 =  1 * C +  1 * H +  3 * Br + 
             CHCl2Br =  1 * C +  1 * H +  2 * Cl +  1 * Br + 
             CHClBr2 =  1 * C +  1 * H +  1 * Cl +  2 * Br + 
                 HBr =  1 * H +  1 * Br + 
                HOBr =  1 * H +  1 * O +  1 * Br + 
            LBROMINE =  1 * Br + 
               C3H7I =  3 * C +  7 * H +  1 * I + 
              CH2ClI =  1 * C +  2 * H +  1 * Cl +  1 * I + 
               CH2I2 =  1 * C +  2 * H +  2 * I + 
                CH3I =  1 * C +  3 * H +  1 * I + 
                  HI =  1 * H +  1 * I + 
                HIO3 =  1 * H +  3 * O +  1 * I + 
                 HOI =  1 * H +  1 * O +  1 * I + 
                   I =  1 * I + 
                  I2 =  2 * I + 
                I2O2 =  2 * O +  2 * I + 
                 IBr =  1 * Br +  1 * I + 
                 ICl =  1 * Cl +  1 * I + 
                INO2 =  2 * O +  1 * N +  1 * I + 
                INO3 =  3 * O +  1 * N +  1 * I + 
                  IO =  1 * O +  1 * I + 
               IPART =  2 * I + 
                 OIO =  2 * O +  1 * I + 
              CH3SO2 =  1 * C +  3 * H +  2 * O +  1 * S + 
              CH3SO3 =  1 * C +  3 * H +  3 * O +  1 * S + 
             CH3SO3H =  1 * C +  4 * H +  3 * O +  1 * S + 
                 DMS =  2 * C +  6 * H +  1 * S + 
                DMSO =  2 * C +  6 * H +  1 * O +  1 * S + 
               H2SO4 =  2 * H +  4 * O +  1 * S + 
                 OCS =  1 * C +  1 * O +  1 * S + 
                   S =  1 * S + 
                 SF6 =  6 * F +  1 * S + 
                  SH =  1 * H +  1 * S + 
                  SO =  1 * O +  1 * S + 
                 SO2 =  2 * O +  1 * S + 
                 SO3 =  3 * O +  1 * S + 
             LSULFUR =  1 * S + 
                  Hg =  1 * Hg + 
                 HgO =  1 * Hg +  1 * O + 
                HgCl =  1 * Hg +  1 * Cl + 
               HgCl2 =  1 * Hg +  2 * Cl + 
                HgBr =  1 * Hg +  1 * Br + 
               HgBr2 =  1 * Hg +  2 * Br + 
              ClHgBr =  1 * Hg +  1 * Cl +  1 * Br + 
             BrHgOBr =  1 * Hg +  1 * O +  2 * Br + 
             ClHgOBr =  1 * Hg +  1 * O +  1 * Cl +  1 * Br + 
             NO3m_cs =  1 * N +  3 * O + 
               Hp_cs =  1 * H + 
              RGM_cs =  1 * Hg + 
               Dummy =  1 * IGNORE + 
            PRODUCTS =  1 * IGNORE + 
                   M =  1 * IGNORE + 
                 O3s =  3 * O + 
                LO3s =  1 * IGNORE + 
                ISO2 =  5 * C +  9 * H +  3 * O + 
                ISON =  5 * C +  1 * N + 
               ISOOH =  5 * C +  10 * H +  3 * O + 
           LHOC3H6O2 =  3 * C +  7 * H +  3 * O + 
          LHOC3H6OOH =  3 * C +  8 * H +  3 * O + 
               MVKO2 =  4 * C +  7 * H +  4 * O + 
              MVKOOH =  4 * C +  8 * H +  4 * O + 
                NACA =  2 * C +  3 * H +  4 * O +  1 * N + 
                  Op =  1 * O +  1 * Pls + 
                 O2p =  2 * O +  1 * Pls + 
                  Np =  1 * N +  1 * Pls + 
                 N2p =  2 * N +  1 * Pls + 
                 NOp =  1 * O +  1 * N +  1 * Pls + 
                  em =  1 * Min + 
               kJmol =  1 * IGNORE + 
             CFCl3_c =  1 * C +  1 * F +  3 * Cl + 
            CF2Cl2_c =  1 * C +  2 * F +  2 * Cl + 
               N2O_c =  1 * O +  2 * N + 
           CH3CCl3_c =  2 * C +  3 * H +  3 * Cl + 
           CF2ClBr_c =  1 * Br +  2 * F +  1 * Cl +  1 * C + 
             CF3Br_c =  1 * Br +  3 * F +  1 * C + 
               LTERP =  1 * IGNORE + 
               LALK4 =  1 * IGNORE + 
               LALK5 =  1 * IGNORE + 
               LARO1 =  1 * IGNORE + 
               LARO2 =  1 * IGNORE + 
               LOLE1 =  1 * IGNORE + 
               LOLE2 =  1 * IGNORE + 
             LfPOG02 =  1 * IGNORE + 
             LfPOG03 =  1 * IGNORE + 
             LfPOG04 =  1 * IGNORE + 
             LfPOG05 =  1 * IGNORE + 
            LbbPOG02 =  1 * IGNORE + 
            LbbPOG03 =  1 * IGNORE + 
            LbbPOG04 =  1 * IGNORE + 
           LfSOGsv01 =  1 * IGNORE + 
           LfSOGsv02 =  1 * IGNORE + 
          LbbSOGsv01 =  1 * IGNORE + 
          LbbSOGsv02 =  1 * IGNORE + 
           LfSOGiv01 =  1 * IGNORE + 
           LfSOGiv02 =  1 * IGNORE + 
           LfSOGiv03 =  1 * IGNORE + 
           LfSOGiv04 =  1 * IGNORE + 
          LbbSOGiv01 =  1 * IGNORE + 
          LbbSOGiv02 =  1 * IGNORE + 
          LbbSOGiv03 =  1 * IGNORE + 
            LbSOGv01 =  1 * IGNORE + 
            LbSOGv02 =  1 * IGNORE + 
            LbSOGv03 =  1 * IGNORE + 
            LbSOGv04 =  1 * IGNORE + 
           LbOSOGv01 =  1 * IGNORE + 
           LbOSOGv02 =  1 * IGNORE + 
           LbOSOGv03 =  1 * IGNORE + 
            LaSOGv01 =  1 * IGNORE + 
            LaSOGv02 =  1 * IGNORE + 
            LaSOGv03 =  1 * IGNORE + 
            LaSOGv04 =  1 * IGNORE + 
           LaOSOGv01 =  1 * IGNORE + 
           LaOSOGv02 =  1 * IGNORE + 
           LaOSOGv03 =  1 * IGNORE + 
              ACBZO2 =  5 * H +  7 * C +  3 * O + 
              ALKNO3 =  11 * H +  5 * C +  3 * O +  1 * N + 
               ALKO2 =  11 * H +  5 * C +  2 * O + 
               ALKOH =  12 * H +  5 * C +  1 * O + 
              ALKOOH =  12 * H +  5 * C +  2 * O + 
               BCARY =  24 * H +  15 * C + 
              BENZO2 =  7 * H +  6 * C +  5 * O + 
             BENZOOH =  8 * H +  6 * C +  5 * O + 
             BEPOMUC =  6 * H +  6 * C +  3 * O + 
             BIGALD1 =  4 * H +  4 * C +  2 * O + 
             BIGALD2 =  6 * H +  5 * C +  2 * O + 
             BIGALD3 =  6 * H +  5 * C +  2 * O + 
             BIGALD4 =  8 * H +  6 * C +  2 * O + 
           BIGALKANE =  12 * H +  5 * C + 
              BIGENE =  8 * H +  4 * C + 
               BrONO =  1 * IGNORE + 
               BZALD =  6 * H +  7 * C +  1 * O + 
                BZOO =  7 * H +  7 * C +  2 * O + 
               BZOOH =  8 * H +  7 * C +  2 * O + 
              C3H7O2 =  7 * H +  3 * C +  2 * O + 
             C3H7OOH =  8 * H +  3 * C +  2 * O + 
              CFC113 =  2 * C +  3 * F +  3 * Cl + 
              CFC114 =  2 * C +  4 * F +  2 * Cl + 
              CFC115 =  2 * C +  5 * F +  1 * Cl + 
                COF2 =  1 * C +  1 * O +  2 * F + 
               COFCL =  1 * C +  1 * F +  1 * O +  1 * Cl + 
            DICARBO2 =  5 * H +  5 * C +  4 * O + 
               ELVOC =  1 * IGNORE + 
               ENEO2 =  9 * H +  4 * C +  3 * O + 
                EOOH =  6 * H +  2 * C +  3 * O + 
                   F =  1 * F + 
               H1202 =  1 * C +  2 * Br +  2 * F + 
               H2402 =  2 * C +  2 * Br +  4 * F + 
            HCFC141B =  3 * H +  2 * C +  1 * F +  2 * Cl + 
            HCFC142B =  3 * H +  2 * C +  2 * F +  1 * Cl + 
              HCFC22 =  1 * H +  1 * C +  2 * F +  1 * Cl + 
                  HF =  1 * H +  1 * F + 
             HOCH2OO =  3 * H +  1 * C +  3 * O + 
               HPALD =  1 * IGNORE + 
              IEC1O2 =  9 * H +  5 * C +  5 * O + 
              LIECHO =  8 * H +  5 * C +  3 * O + 
              LIECO3 =  7 * H +  5 * C +  5 * O + 
             LIECO3H =  8 * H +  5 * C +  5 * O + 
               LIMON =  16 * H +  10 * C + 
         LISOPNO3NO3 =  1 * IGNORE + 
          LISOPNO3O2 =  1 * IGNORE + 
         LISOPNO3OOH =  1 * IGNORE + 
          LISOPOOHO2 =  1 * IGNORE + 
         LISOPOOHOOH =  1 * IGNORE + 
               MALO2 =  3 * H +  4 * C +  4 * O + 
            MBONO3O2 =  10 * H +  5 * C +  6 * O +  1 * N + 
               MBOO2 =  11 * H +  5 * C +  4 * O + 
              MBOOOH =  12 * H +  5 * C +  4 * O + 
             MDIALO2 =  5 * H +  5 * C +  4 * O + 
              MEKNO3 =  1 * IGNORE + 
                MVKN =  1 * IGNORE + 
                MYRC =  16 * H +  10 * C + 
            NTERPNO3 =  1 * IGNORE + 
             NTERPO2 =  16 * H +  10 * C +  5 * O +  1 * N + 
              PACALD =  1 * IGNORE + 
              PBZNIT =  5 * H +  7 * C +  5 * O +  1 * N + 
             TEPOMUC =  8 * H +  7 * C +  3 * O + 
             TERP2O2 =  15 * H +  10 * C +  4 * O + 
            TERP2OOH =  16 * H +  10 * C +  4 * O + 
             TERPNO3 =  17 * H +  10 * C +  4 * O +  1 * N + 
              TERPO2 =  17 * H +  10 * C +  3 * O + 
             TERPOOH =  18 * H +  10 * C +  3 * O + 
            TERPROD1 =  16 * H +  10 * C +  2 * O + 
            TERPROD2 =  10 * H +  7 * C +  2 * O + 
               TOLO2 =  9 * H +  7 * C +  5 * O + 
              TOLOOH =  10 * H +  7 * C +  5 * O + 
             XYLENO2 =  11 * H +  8 * C +  5 * O + 
            XYLENOOH =  12 * H +  8 * C +  5 * O + 
               XYLOL =  10 * H +  8 * C +  1 * O + 
             XYLOLO2 =  11 * H +  8 * C +  6 * O + 
            XYLOLOOH =  12 * H +  8 * C +  6 * O + 
               O2_1D =  2 * O + 
               O2_1S =  2 * O + 
                ONIT =  3 * C +  5 * H +  4 * O +  1 * N + 
                C4H8 =  4 * C +  8 * H + 
              C4H9O3 =  4 * C +  9 * H +  3 * O + 
               C5H12 =  5 * C +  12 * H + 
             C5H11O2 =  5 * C +  11 * H +  2 * O + 
              C5H6O2 =  5 * C +  6 * H +  2 * O + 
             HYDRALD =  5 * C +  8 * H +  2 * O + 
              ISOPO2 =  5 * C +  9 * H +  3 * O + 
              C5H9O3 =  5 * C +  9 * H +  4 * O + 
             ISOPOOH =  5 * C +  10 * H +  3 * O + 
             C5H12O2 =  5 * C +  12 * H +  2 * O + 
               ONITR =  5 * C +  9 * H +  4 * O +  1 * N + 
             C5H10O4 =  5 * C +  10 * H +  4 * O + 
             ROO6R5P =  7 * C +  10 * H +  6 * O + 
                 NH4 =  4 * H +  1 * N + 
                 SO4 =  1 * S +  4 * O + 
                 HCO =  1 * C +  1 * H +  1 * O + 
                ISPD =  4 * C +  6 * H +  1 * O + 
                ClOO =  1 * Cl +  2 * O + 
                  Rn =  1 * Rn + 
                  Pb =  1 * Pb + 
                 XO2 =  1 * IGNORE + 
                XO2N =  1 * IGNORE + 
                ROOH =  1 * IGNORE + 
                 OLE =  1 * IGNORE + 
                 ROR =  1 * IGNORE + 
              ORGNTR =  1 * IGNORE + 
                ACO2 =  1 * IGNORE + 
                 PAR =  1 * IGNORE + 
               RXPAR =  1 * IGNORE + 
                BSOV =  1 * IGNORE + 
                BLOV =  1 * IGNORE + 
                BELV =  1 * IGNORE + 
                ASOV =  1 * IGNORE + 
                ALOV =  1 * IGNORE + 
                AELV =  1 * IGNORE + 
                PIOV =  1 * IGNORE + 
                PSOV =  1 * IGNORE + 
                PELV =  1 * IGNORE + 
                N2O3 =  3 * O +  2 * N + 
                N2O4 =  4 * O +  2 * N + 
              H2NCHO =  1 * C +  3 * H +  1 * O +  1 * N + 
                 MMA =  1 * C +  5 * H +  1 * N + 
               CH2NH =  1 * C +  3 * H +  1 * N + 
               MMAO2 =  1 * C +  4 * H +  2 * O +  1 * N + 
               CH3NH =  1 * C +  4 * H +  1 * N + 
              MMNNO2 =  1 * C +  4 * H +  2 * O +  2 * N + 
               CH3NO =  1 * C +  3 * H +  1 * O +  1 * N + 
                HNCO =  1 * C +  1 * H +  1 * O +  1 * N + 
                 MEA =  2 * C +  7 * H +  1 * O +  1 * N + 
              MEABO2 =  2 * C +  6 * H +  3 * O +  1 * N + 
               MEABO =  2 * C +  6 * H +  2 * O +  1 * N + 
                MEAN =  2 * C +  6 * H +  1 * O +  1 * N + 
            H2NCOCHO =  2 * C +  3 * H +  2 * O +  1 * N + 
           H2NCH2CHO =  2 * C +  5 * H +  1 * O +  1 * N + 
          H2NCOCH2OH =  2 * C +  5 * H +  2 * O +  1 * N + 
           HNCHCH2OH =  2 * C +  5 * H +  1 * O +  1 * N + 
          H2NCHO2CHO =  2 * C +  4 * H +  3 * O +  1 * N + 
           H2NCH2CO3 =  2 * C +  4 * H +  3 * O +  1 * N + 
            H2NCOCO3 =  2 * C +  2 * H +  4 * O +  1 * N + 
             MEANNO2 =  2 * C +  6 * H +  3 * O +  2 * N + 
              MEANHA =  2 * C +  6 * H +  4 * O +  2 * N + 
              MEANNO =  2 * C +  6 * H +  2 * O +  2 * N + 
                 DMA =  2 * C +  7 * H +  1 * N + 
             CH3NCH3 =  2 * C +  6 * H +  1 * N + 
             CH2NCH3 =  2 * C +  5 * H +  1 * N + 
               DMAO2 =  2 * C +  6 * H +  2 * O +  1 * N + 
                NDMA =  2 * C +  6 * H +  1 * O +  2 * N + 
              DMNNO2 =  2 * C +  6 * H +  2 * O +  2 * N + 
            CH3NHCHO =  2 * C +  5 * H +  1 * O +  1 * N + 
          HOCH2CH2NO =  2 * C +  5 * H +  2 * O +  1 * N + 
            H2NCOCH3 =  2 * C +  5 * H +  1 * O +  1 * N + 
                 TMA =  3 * C +  9 * H +  1 * N + 
               TMAO2 =  3 * C +  8 * H +  2 * O +  1 * N + 
                TMAO =  3 * C +  8 * H +  1 * O +  1 * N + 
              DMNCHO =  3 * C +  7 * H +  1 * O +  1 * N + 
            DMNCHOO2 =  3 * C +  6 * H +  3 * O +  1 * N + 
               TMADF =  3 * C +  5 * H +  2 * O +  1 * N + 
           HOETNHCHO =  3 * C +  7 * H +  2 * O +  1 * N + 
        HOCH2CONHCHO =  3 * C +  5 * H +  3 * O +  1 * N + 
              DMCNH2 =  3 * C +  8 * H +  1 * N + 
            DMCOONH2 =  3 * C +  8 * H +  2 * O +  1 * N + 
          CH2CNH2CH3 =  3 * C +  7 * H +  1 * N + 
               DMCNH =  3 * C +  7 * H +  1 * N + 
          CH3CNH2MOH =  3 * C +  8 * H +  1 * O +  1 * N + 
         H2NCCHOHCH3 =  3 * C +  7 * H +  1 * O +  1 * N + 
           HNCCH3MOH =  3 * C +  7 * H +  1 * O +  1 * N + 
          H2NCCH2MOH =  3 * C +  7 * H +  1 * O +  1 * N + 
                 IPN =  3 * C +  7 * H +  2 * O +  1 * N + 
           CH3CHOCH3 =  3 * C +  7 * H +  1 * O + 
             MGLYOAC =  3 * C +  4 * H +  3 * O + 
                 DEA =  4 * C +  11 * H +  2 * O +  1 * N + 
           HOETNETOH =  4 * C +  10 * H +  2 * O +  1 * N + 
               DEAO2 =  4 * C +  10 * H +  4 * O +  1 * N + 
        HOETNHCH2CHO =  4 * C +  10 * H +  2 * O +  1 * N + 
               NDELA =  4 * C +  10 * H +  3 * O +  2 * N + 
        HOCH2CHNETOH =  4 * C +  9 * H +  2 * O +  1 * N + 
             DEANNO2 =  4 * C +  10 * H +  4 * O +  2 * N + 
        HOCH2CONETOH =  4 * C +  8 * H +  3 * O +  1 * N + 
                 AMP =  4 * C +  11 * H +  1 * O +  1 * N + 
                AMPN =  4 * C +  10 * H +  1 * O +  1 * N + 
                NAMP =  4 * C +  10 * H +  2 * O +  2 * N + 
             AMPNNO2 =  4 * C +  10 * H +  3 * O +  2 * N + 
               AMPOX =  4 * C +  10 * H +  2 * O +  1 * N + 
           DMCNH2CHO =  4 * C +  9 * H +  1 * O +  1 * N + 
               AMPNA =  4 * C +  9 * H +  3 * O +  2 * N + 
           DMCNH2CO3 =  4 * C +  8 * H +  3 * O +  1 * N + 
               AMPAN =  4 * C +  8 * H +  5 * O +  2 * N + 
                AMPO =  4 * C +  10 * H +  2 * O +  1 * N + 
          DMOCNH2MOH =  4 * C +  9 * H +  2 * O +  1 * N + 
             DEANCHO =  5 * C +  11 * H +  3 * O +  1 * N + 
           DEANCH2O2 =  5 * C +  12 * H +  4 * O +  1 * N + 
                 TME =  6 * C +  12 * H + 
               TMEO2 =  6 * C +  13 * H +  3 * O + 
                CHEX =  6 * C +  12 * H + 
              CHEXO2 =  6 * C +  11 * H +  2 * O + 
               CHEXO =  6 * C +  11 * H +  1 * O + 
              CHEXOL =  6 * C +  12 * H +  1 * O + 
             CHEXONE =  6 * C +  11 * H +  1 * O + 
             CHEXOOH =  6 * C +  12 * H +  2 * O + 
                 TEA =  6 * C +  15 * H +  3 * O +  1 * N + 
               TEAO2 =  6 * C +  14 * H +  5 * O +  1 * N + 
                TEAO =  6 * C +  14 * H +  4 * O +  1 * N + 
         DEANCOCH2OH =  6 * C +  13 * H +  4 * O +  1 * N + 
          DEANCH2CHO =  6 * C +  13 * H +  3 * O +  1 * N + 
         DEANCH2COO2 =  6 * C +  12 * H +  5 * O +  1 * N + 
                HSO3 =  1 * S +  1 * H +  3 * O + 
              CH3SOH =  1 * C +  4 * H +  1 * S +  1 * O + 
             CH3SOOH =  1 * C +  4 * H +  1 * S +  2 * O + 
            CH3SOO2H =  1 * C +  4 * H +  1 * S +  3 * O + 
             CH3SO4H =  1 * C +  4 * H +  1 * S +  4 * O + 
             CH3SCH2 =  2 * C +  5 * H +  1 * S + 
               DMSOO =  2 * C +  5 * H +  1 * S +  2 * O + 
              DMSOOH =  2 * C +  6 * H +  1 * S +  2 * O + 
               DMSOH =  2 * C +  7 * H +  1 * S +  1 * O + 
              DMSOHO =  2 * C +  7 * H +  1 * S +  2 * O + 
             DMSOHOO =  2 * C +  7 * H +  1 * S +  3 * O + 
            CH3SOCH2 =  2 * C +  5 * H +  1 * S +  1 * O + 
              DMSOOO =  2 * C +  5 * H +  1 * S +  3 * O + 
               DMSO2 =  2 * C +  6 * H +  1 * S +  2 * O + 
              DMSO2O =  2 * C +  6 * H +  1 * S +  3 * O + 
             DMSO2OO =  2 * C +  6 * H +  1 * S +  4 * O + 
            DMSO2OOH =  2 * C +  6 * H +  1 * S +  4 * O + 
                CH3S =  1 * C +  3 * H +  1 * S + 
               CH3SO =  1 * C +  3 * H +  1 * S +  1 * O + 
              CH3SOO =  1 * C +  3 * H +  1 * S +  2 * O + 
             CH3SOO2 =  1 * C +  3 * H +  1 * S +  3 * O + 
              CH3SO4 =  1 * C +  3 * H +  1 * S +  4 * O + 
                MSON =  1 * C +  3 * H +  1 * S +  4 * O +  1 * N + 
               MSOON =  1 * C +  3 * H +  1 * S +  5 * O +  1 * N + 
                MSPN =  1 * C +  3 * H +  1 * S +  6 * O +  1 * N + 
              MSAH2O =  1 * C +  7 * H +  1 * S +  4 * O + 
           MSADMAH2O =  3 * C +  14 * H +  1 * S +  4 * O +  1 * N + 
              MSADMA =  3 * C +  11 * H +  1 * S +  3 * O +  1 * N + 
           MSATMAH2O =  4 * C +  16 * H +  1 * S +  4 * O +  1 * N + 
              MSATMA =  4 * C +  13 * H +  1 * S +  3 * O +  1 * N + 
              O2_a01 =  2 * O + 
              O3_a01 =  3 * O + 
              OH_a01 =  1 * H +  1 * O + 
             HO2_a01 =  1 * H +  2 * O + 
             H2O_a01 =  2 * H +  1 * O + 
            H2O2_a01 =  2 * H +  2 * O + 
             NH3_a01 =  3 * H +  1 * N + 
              NO_a01 =  1 * O +  1 * N + 
             NO2_a01 =  2 * O +  1 * N + 
             NO3_a01 =  3 * O +  1 * N + 
            HONO_a01 =  1 * H +  2 * O +  1 * N + 
            HNO3_a01 =  1 * H +  3 * O +  1 * N + 
            HNO4_a01 =  1 * H +  4 * O +  1 * N + 
           CH3OH_a01 =  1 * C +  4 * H +  1 * O + 
           HCOOH_a01 =  1 * C +  2 * H +  2 * O + 
            HCHO_a01 =  1 * C +  2 * H +  1 * O + 
           CH3O2_a01 =  1 * C +  3 * H +  2 * O + 
          CH3OOH_a01 =  1 * C +  4 * H +  2 * O + 
             CO2_a01 =  1 * C +  2 * O + 
         CH3CO2H_a01 =  2 * C +  4 * H +  2 * O + 
             PAN_a01 =  2 * C +  3 * H +  5 * O +  1 * N + 
          CH3CHO_a01 =  2 * C +  4 * H +  1 * O + 
        CH3COCH3_a01 =  3 * C +  6 * H +  1 * O + 
              Cl_a01 =  1 * Cl + 
             Cl2_a01 =  2 * Cl + 
             HCl_a01 =  1 * H +  1 * Cl + 
            HOCl_a01 =  1 * H +  1 * O +  1 * Cl + 
              Br_a01 =  1 * Br + 
             Br2_a01 =  2 * Br + 
             HBr_a01 =  1 * H +  1 * Br + 
            HOBr_a01 =  1 * H +  1 * O +  1 * Br + 
            BrCl_a01 =  1 * Br +  1 * Cl + 
              I2_a01 =  2 * I + 
              IO_a01 =  1 * I +  1 * O + 
             HOI_a01 =  1 * H +  1 * O +  1 * I + 
             ICl_a01 =  1 * I +  1 * Cl + 
             IBr_a01 =  1 * I +  1 * Br + 
             SO2_a01 =  1 * S +  2 * O + 
           H2SO4_a01 =  2 * H +  1 * S +  4 * O + 
             DMS_a01 =  2 * C +  6 * H +  1 * S + 
            DMSO_a01 =  2 * C +  6 * H +  1 * S +  1 * O + 
              Hg_a01 =  1 * Hg + 
             HgO_a01 =  1 * Hg +  1 * O + 
          HgOHOH_a01 =  1 * Hg +  2 * O +  2 * H + 
          HgOHCl_a01 =  1 * Hg +  1 * O +  1 * H +  1 * Cl + 
           HgCl2_a01 =  1 * Hg +  2 * Cl + 
           HgBr2_a01 =  1 * Hg +  2 * Br + 
           HgSO3_a01 =  1 * Hg +  1 * S +  3 * O + 
          ClHgBr_a01 =  1 * Hg +  1 * Cl +  1 * Br + 
         BrHgOBr_a01 =  1 * Hg +  1 * O +  2 * Br + 
         ClHgOBr_a01 =  1 * Hg +  1 * O +  1 * Cl +  1 * Br + 
           FeOH3_a01 =  1 * Fe +  3 * O +  3 * H + 
           FeCl3_a01 =  1 * Fe +  3 * Cl + 
            FeF3_a01 =  1 * Fe +  3 * F + 
             O2m_a01 =  2 * O +  1 * Min + 
             OHm_a01 =  1 * H +  1 * O +  1 * Min + 
            HO2m_a01 =  1 * H +  2 * O +  1 * Min + 
            O2mm_a01 =  2 * O +  2 * Min + 
              Hp_a01 =  1 * H +  1 * Pls + 
            NH4p_a01 =  1 * N +  4 * H +  1 * Pls + 
            NO2m_a01 =  2 * O +  1 * N +  1 * Min + 
            NO3m_a01 =  3 * O +  1 * N +  1 * Min + 
            NO4m_a01 =  4 * O +  1 * N +  1 * Min + 
            CO3m_a01 =  1 * C +  3 * O +  1 * Min + 
           HCOOm_a01 =  1 * H +  1 * C +  2 * O +  1 * Min + 
           HCO3m_a01 =  1 * H +  1 * C +  3 * O +  1 * Min + 
         CH3COOm_a01 =  2 * C +  3 * H +  2 * O +  1 * Min + 
             Clm_a01 =  1 * Cl +  1 * Min + 
            Cl2m_a01 =  2 * Cl +  1 * Min + 
            ClOm_a01 =  1 * Cl +  1 * O +  1 * Min + 
           ClOHm_a01 =  1 * H +  1 * O +  1 * Cl +  1 * Min + 
             Brm_a01 =  1 * Br +  1 * Min + 
            Br2m_a01 =  2 * Br +  1 * Min + 
            BrOm_a01 =  1 * Br +  1 * O +  1 * Min + 
           BrOHm_a01 =  1 * H +  1 * O +  1 * Br +  1 * Min + 
          BrCl2m_a01 =  1 * Br +  2 * Cl +  1 * Min + 
          Br2Clm_a01 =  2 * Br +  1 * Cl +  1 * Min + 
              Im_a01 =  1 * I +  1 * Min + 
            IO2m_a01 =  1 * I +  2 * O +  1 * Min + 
            IO3m_a01 =  1 * I +  3 * O +  1 * Min + 
           ICl2m_a01 =  1 * I +  2 * Cl +  1 * Min + 
           IBr2m_a01 =  1 * I +  2 * Br +  1 * Min + 
            SO3m_a01 =  1 * S +  3 * O +  1 * Min + 
           SO3mm_a01 =  1 * S +  3 * O +  2 * Min + 
            SO4m_a01 =  1 * S +  4 * O +  1 * Min + 
           SO4mm_a01 =  1 * S +  4 * O +  2 * Min + 
            SO5m_a01 =  1 * S +  5 * O +  1 * Min + 
           HSO3m_a01 =  1 * H +  1 * S +  3 * O +  1 * Min + 
           HSO4m_a01 =  1 * H +  1 * S +  4 * O +  1 * Min + 
           HSO5m_a01 =  1 * H +  1 * S +  5 * O +  1 * Min + 
         CH3SO3m_a01 =  1 * C +  3 * H +  1 * S +  3 * O +  1 * Min + 
       CH2OHSO3m_a01 =  1 * C +  3 * H +  1 * S +  4 * O +  1 * Min + 
             Hgp_a01 =  1 * Hg +  1 * Pls + 
            Hgpp_a01 =  1 * Hg +  2 * Pls + 
           HgOHp_a01 =  1 * Hg +  1 * O +  1 * H +  1 * Pls + 
           HgClp_a01 =  1 * Hg +  1 * Cl +  1 * Pls + 
           HgBrp_a01 =  1 * Hg +  1 * Br +  1 * Pls + 
        HgSO32mm_a01 =  1 * Hg +  2 * S +  6 * O +  2 * Min + 
            Fepp_a01 =  1 * Fe +  2 * Pls + 
           FeOpp_a01 =  1 * Fe +  1 * O +  2 * Pls + 
           FeOHp_a01 =  1 * Fe +  1 * O +  1 * H +  1 * Pls + 
          FeOH2p_a01 =  1 * Fe +  2 * O +  2 * H +  1 * Pls + 
           FeClp_a01 =  1 * Fe +  1 * Cl +  1 * Pls + 
           Feppp_a01 =  1 * Fe +  3 * Pls + 
          FeHOpp_a01 =  1 * Fe +  1 * O +  1 * H +  2 * Pls + 
         FeHO2pp_a01 =  1 * Fe +  2 * O +  1 * H +  2 * Pls + 
          FeOHpp_a01 =  1 * Fe +  1 * O +  1 * H +  2 * Pls + 
          FeOH4m_a01 =  1 * Fe +  4 * O +  4 * H +  1 * Min + 
        FeOHHO2p_a01 =  1 * Fe +  3 * O +  2 * H +  1 * Pls + 
          FeClpp_a01 =  1 * Fe +  1 * Cl +  2 * Pls + 
          FeCl2p_a01 =  1 * Fe +  2 * Cl +  1 * Pls + 
          FeBrpp_a01 =  1 * Fe +  1 * Br +  2 * Pls + 
          FeBr2p_a01 =  1 * Fe +  2 * Br +  1 * Pls + 
           FeFpp_a01 =  1 * Fe +  1 * F +  2 * Pls + 
           FeF2p_a01 =  1 * Fe +  2 * F +  2 * Pls + 
          FeSO3p_a01 =  1 * Fe +  3 * O +  1 * S +  1 * Pls + 
          FeSO4p_a01 =  1 * Fe +  4 * O +  1 * S +  1 * Pls + 
         FeSO42m_a01 =  1 * Fe +  8 * O +  2 * S +  1 * Min + 
     FeOH2Fepppp_a01 =  2 * Fe +  1 * O +  1 * H +  4 * Pls + 
             D1O_a01 =  1 * Ignore + 
             Nap_a01 =  1 * Ignore + 
            N2O3_a01 =  3 * O +  2 * N + 
            N2O4_a01 =  4 * O +  2 * N + 
         CH2O2H2_a01 =  1 * C +  4 * H +  2 * O + 
             MMA_a01 =  1 * C +  5 * H +  1 * N + 
          NH2CH2_a01 =  1 * C +  4 * H +  1 * N + 
            HNCO_a01 =  1 * C +  1 * H +  1 * O +  1 * N + 
          H2NCHO_a01 =  1 * C +  3 * H +  1 * O +  1 * N + 
          MMNNO2_a01 =  1 * C +  2 * H +  2 * O +  2 * N + 
          OXALAC_a01 =  1 * IGNORE + 
         HCOCO2H_a01 =  2 * C +  2 * H +  3 * O + 
        HOCH2CHO_a01 =  2 * C +  4 * H +  2 * O + 
       HOCH2CO2H_a01 =  2 * C +  4 * H +  3 * O + 
          CH3CO3_a01 =  2 * C +  3 * H +  3 * O + 
           GLYOX_a01 =  2 * C +  2 * H +  2 * O + 
             DMA_a01 =  2 * C +  7 * H +  1 * N + 
             MEA_a01 =  2 * C +  7 * H +  1 * O +  1 * N + 
          MEANNO_a01 =  2 * C +  6 * H +  2 * O +  2 * N + 
         MEANNO2_a01 =  2 * C +  6 * H +  3 * O +  2 * N + 
            NDMA_a01 =  2 * C +  6 * H +  1 * O +  2 * N + 
          DMNNO2_a01 =  2 * C +  6 * H +  2 * O +  2 * N + 
        CH3NHCH2_a01 =  2 * C +  6 * H +  1 * N + 
      CH3NHNHCH3_a01 =  2 * C +  8 * H +  2 * N + 
      NH2C2H4NH2_a01 =  2 * C +  8 * H +  2 * N + 
      NH2CH2CHOH_a01 =  2 * C +  6 * H +  1 * O +  1 * N + 
      H2NCOCH2OH_a01 =  2 * C +  5 * H +  2 * O +  1 * N + 
        CH3NHCHO_a01 =  2 * C +  5 * H +  1 * O +  1 * N + 
          CH3NCO_a01 =  2 * C +  3 * H +  1 * O +  1 * N + 
          MGLYOX_a01 =  3 * C +  4 * H +  2 * O + 
         MGLYOAC_a01 =  3 * C +  4 * H +  3 * O + 
             DOC_a01 =  1 * IGNORE + 
            DOCO_a01 =  1 * IGNORE + 
             TMA_a01 =  3 * C +  9 * H +  1 * N + 
          DMNCH2_a01 =  3 * C +  8 * H +  1 * N + 
          DMNCHO_a01 =  3 * C +  7 * H +  1 * O +  1 * N + 
         MALONAC_a01 =  1 * IGNORE + 
             DEA_a01 =  4 * C +  11 * H +  2 * O +  1 * N + 
           NDELA_a01 =  4 * C +  10 * H +  3 * O +  2 * N + 
         DEANNO2_a01 =  4 * C +  10 * H +  4 * O +  2 * N + 
            DEAN_a01 =  4 * C +  10 * H +  2 * O +  1 * N + 
          SUCCAC_a01 =  1 * IGNORE + 
        GLUTARAC_a01 =  1 * IGNORE + 
             TEA_a01 =  6 * C +  15 * H +  3 * O +  1 * N + 
      DENCH2CHOH_a01 =  6 * C +  14 * H +  3 * O +  1 * N + 
          ADIPAC_a01 =  1 * IGNORE + 
            MMAp_a01 =  1 * C +  6 * H +  1 * N +  1 * Pls + 
            MMNp_a01 =  1 * C +  5 * H +  1 * N +  1 * Pls + 
         NH2CH2p_a01 =  1 * C +  4 * H +  1 * N +  1 * Pls + 
         NH3CH2p_a01 =  1 * C +  5 * H +  1 * N +  1 * Pls + 
            NCOm_a01 =  1 * C +  1 * O +  1 * N +  1 * Min + 
          HC2O4m_a01 =  1 * IGNORE +  1 * Min + 
          C2O4mm_a01 =  1 * IGNORE +  2 * Min + 
         HCOCOOm_a01 =  2 * C +  1 * H +  3 * O +  1 * Min + 
            MEAp_a01 =  2 * C +  8 * H +  1 * O +  1 * N +  1 * Pls + 
            DMAp_a01 =  2 * C +  8 * H +  1 * N +  1 * Pls + 
            DMNp_a01 =  2 * C +  7 * H +  1 * N +  1 * Pls + 
       CH3NHCH2p_a01 =  2 * C +  6 * H +  1 * N +  1 * Pls + 
      CH3NH2CH2p_a01 =  2 * C +  7 * H +  1 * N +  1 * Pls + 
            MENp_a01 =  2 * C +  7 * H +  1 * O +  1 * N +  1 * Pls + 
     NH3CH2CHOHp_a01 =  2 * C +  7 * H +  1 * O +  1 * N +  1 * Pls + 
       CH3COCOOm_a01 =  3 * C +  3 * H +  3 * O +  1 * Min + 
            TMAp_a01 =  3 * C +  10 * H +  1 * N +  1 * Pls + 
            TMNp_a01 =  3 * C +  9 * H +  1 * N +  1 * Pls + 
         DMNCH2p_a01 =  3 * C +  8 * H +  1 * N +  1 * Pls + 
        DMNHCH2p_a01 =  3 * C +  9 * H +  1 * N +  1 * Pls + 
            DEAp_a01 =  4 * C +  12 * H +  2 * O +  1 * N +  1 * Pls + 
            DENp_a01 =  4 * C +  13 * H +  2 * O +  1 * N +  1 * Pls + 
           DENHp_a01 =  4 * C +  12 * H +  2 * O +  1 * N +  1 * Pls + 
       C2H5C2O4m_a01 =  1 * IGNORE +  1 * Min + 
      C2H4C2O4mm_a01 =  1 * IGNORE +  2 * Min + 
            TEAp_a01 =  6 * C +  16 * H +  3 * O +  1 * N +  1 * Pls + 
            TENp_a01 =  6 * C +  15 * H +  3 * O +  1 * N +  1 * Pls + 
          DENIMp_a01 =  6 * C +  15 * H +  3 * O +  1 * N +  1 * Pls + 
           TENHp_a01 =  6 * C +  15 * H +  3 * O +  1 * N +  1 * Pls + 
------------------------------------------------------------------------------
